{"timestamp":"2025-07-30T07:13:18.300366","level":"info","event":"Filling up the DagBag from /opt/airflow/dags/sftp-turshilt.py","logger":"airflow.models.dagbag.DagBag"}
{"timestamp":"2025-07-30T07:13:19.000420","level":"error","event":"Failed to import: /opt/airflow/dags/sftp-turshilt.py","logger":"airflow.models.dagbag.DagBag","error_detail":[{"exc_type":"TypeError","exc_value":"DAG.__init__() got an unexpected keyword argument 'schedule_interval'","exc_notes":[],"syntax_error":null,"is_cause":false,"frames":[{"filename":"/home/airflow/.local/lib/python3.12/site-packages/airflow/models/dagbag.py","lineno":394,"name":"parse"},{"filename":"<frozen importlib._bootstrap_external>","lineno":999,"name":"exec_module"},{"filename":"<frozen importlib._bootstrap>","lineno":488,"name":"_call_with_frames_removed"},{"filename":"/opt/airflow/dags/sftp-turshilt.py","lineno":15,"name":"<module>"}],"is_group":false,"exceptions":[]}]}
{"timestamp":"2025-07-30T07:13:49.499347","level":"info","event":"Filling up the DagBag from /opt/airflow/dags/sftp-turshilt.py","logger":"airflow.models.dagbag.DagBag"}
{"timestamp":"2025-07-30T07:13:49.913184","level":"error","event":"Failed to import: /opt/airflow/dags/sftp-turshilt.py","logger":"airflow.models.dagbag.DagBag","error_detail":[{"exc_type":"TypeError","exc_value":"DAG.__init__() got an unexpected keyword argument 'schedule_interval'","exc_notes":[],"syntax_error":null,"is_cause":false,"frames":[{"filename":"/home/airflow/.local/lib/python3.12/site-packages/airflow/models/dagbag.py","lineno":394,"name":"parse"},{"filename":"<frozen importlib._bootstrap_external>","lineno":999,"name":"exec_module"},{"filename":"<frozen importlib._bootstrap>","lineno":488,"name":"_call_with_frames_removed"},{"filename":"/opt/airflow/dags/sftp-turshilt.py","lineno":15,"name":"<module>"}],"is_group":false,"exceptions":[]}]}
{"timestamp":"2025-07-30T07:14:15.649890","level":"info","event":"Filling up the DagBag from /opt/airflow/dags/sftp-turshilt.py","logger":"airflow.models.dagbag.DagBag"}
{"timestamp":"2025-07-30T07:14:16.076806","level":"error","event":"Failed to import: /opt/airflow/dags/sftp-turshilt.py","logger":"airflow.models.dagbag.DagBag","error_detail":[{"exc_type":"TypeError","exc_value":"DAG.__init__() got an unexpected keyword argument 'schedule_interval'","exc_notes":[],"syntax_error":null,"is_cause":false,"frames":[{"filename":"/home/airflow/.local/lib/python3.12/site-packages/airflow/models/dagbag.py","lineno":394,"name":"parse"},{"filename":"<frozen importlib._bootstrap_external>","lineno":999,"name":"exec_module"},{"filename":"<frozen importlib._bootstrap>","lineno":488,"name":"_call_with_frames_removed"},{"filename":"/opt/airflow/dags/sftp-turshilt.py","lineno":15,"name":"<module>"}],"is_group":false,"exceptions":[]}]}
{"timestamp":"2025-07-30T07:14:43.743942","level":"info","event":"Filling up the DagBag from /opt/airflow/dags/sftp-turshilt.py","logger":"airflow.models.dagbag.DagBag"}
{"timestamp":"2025-07-30T07:14:44.114105","level":"error","event":"Failed to import: /opt/airflow/dags/sftp-turshilt.py","logger":"airflow.models.dagbag.DagBag","error_detail":[{"exc_type":"TypeError","exc_value":"DAG.__init__() got an unexpected keyword argument 'schedule_interval'","exc_notes":[],"syntax_error":null,"is_cause":false,"frames":[{"filename":"/home/airflow/.local/lib/python3.12/site-packages/airflow/models/dagbag.py","lineno":394,"name":"parse"},{"filename":"<frozen importlib._bootstrap_external>","lineno":999,"name":"exec_module"},{"filename":"<frozen importlib._bootstrap>","lineno":488,"name":"_call_with_frames_removed"},{"filename":"/opt/airflow/dags/sftp-turshilt.py","lineno":15,"name":"<module>"}],"is_group":false,"exceptions":[]}]}
{"timestamp":"2025-07-30T07:15:02.580009","level":"info","event":"Filling up the DagBag from /opt/airflow/dags/sftp-turshilt.py","logger":"airflow.models.dagbag.DagBag"}
{"timestamp":"2025-07-30T07:15:03.192179","level":"error","event":"Failed to import: /opt/airflow/dags/sftp-turshilt.py","logger":"airflow.models.dagbag.DagBag","error_detail":[{"exc_type":"TypeError","exc_value":"DAG.__init__() got an unexpected keyword argument 'schedule_interval'","exc_notes":[],"syntax_error":null,"is_cause":false,"frames":[{"filename":"/home/airflow/.local/lib/python3.12/site-packages/airflow/models/dagbag.py","lineno":394,"name":"parse"},{"filename":"<frozen importlib._bootstrap_external>","lineno":999,"name":"exec_module"},{"filename":"<frozen importlib._bootstrap>","lineno":488,"name":"_call_with_frames_removed"},{"filename":"/opt/airflow/dags/sftp-turshilt.py","lineno":15,"name":"<module>"}],"is_group":false,"exceptions":[]}]}
{"timestamp":"2025-07-30T07:15:34.052084","level":"info","event":"Filling up the DagBag from /opt/airflow/dags/sftp-turshilt.py","logger":"airflow.models.dagbag.DagBag"}
{"timestamp":"2025-07-30T07:15:34.399668","level":"error","event":"Failed to import: /opt/airflow/dags/sftp-turshilt.py","logger":"airflow.models.dagbag.DagBag","error_detail":[{"exc_type":"TypeError","exc_value":"DAG.__init__() got an unexpected keyword argument 'schedule_interval'","exc_notes":[],"syntax_error":null,"is_cause":false,"frames":[{"filename":"/home/airflow/.local/lib/python3.12/site-packages/airflow/models/dagbag.py","lineno":394,"name":"parse"},{"filename":"<frozen importlib._bootstrap_external>","lineno":999,"name":"exec_module"},{"filename":"<frozen importlib._bootstrap>","lineno":488,"name":"_call_with_frames_removed"},{"filename":"/opt/airflow/dags/sftp-turshilt.py","lineno":15,"name":"<module>"}],"is_group":false,"exceptions":[]}]}
{"timestamp":"2025-07-30T07:16:04.809179","level":"info","event":"Filling up the DagBag from /opt/airflow/dags/sftp-turshilt.py","logger":"airflow.models.dagbag.DagBag"}
{"timestamp":"2025-07-30T07:16:05.135770","level":"error","event":"Failed to import: /opt/airflow/dags/sftp-turshilt.py","logger":"airflow.models.dagbag.DagBag","error_detail":[{"exc_type":"TypeError","exc_value":"DAG.__init__() got an unexpected keyword argument 'schedule_interval'","exc_notes":[],"syntax_error":null,"is_cause":false,"frames":[{"filename":"/home/airflow/.local/lib/python3.12/site-packages/airflow/models/dagbag.py","lineno":394,"name":"parse"},{"filename":"<frozen importlib._bootstrap_external>","lineno":999,"name":"exec_module"},{"filename":"<frozen importlib._bootstrap>","lineno":488,"name":"_call_with_frames_removed"},{"filename":"/opt/airflow/dags/sftp-turshilt.py","lineno":15,"name":"<module>"}],"is_group":false,"exceptions":[]}]}
{"timestamp":"2025-07-30T07:16:36.068932","level":"info","event":"Filling up the DagBag from /opt/airflow/dags/sftp-turshilt.py","logger":"airflow.models.dagbag.DagBag"}
{"timestamp":"2025-07-30T07:16:36.389272","level":"error","event":"Failed to import: /opt/airflow/dags/sftp-turshilt.py","logger":"airflow.models.dagbag.DagBag","error_detail":[{"exc_type":"TypeError","exc_value":"DAG.__init__() got an unexpected keyword argument 'schedule_interval'","exc_notes":[],"syntax_error":null,"is_cause":false,"frames":[{"filename":"/home/airflow/.local/lib/python3.12/site-packages/airflow/models/dagbag.py","lineno":394,"name":"parse"},{"filename":"<frozen importlib._bootstrap_external>","lineno":999,"name":"exec_module"},{"filename":"<frozen importlib._bootstrap>","lineno":488,"name":"_call_with_frames_removed"},{"filename":"/opt/airflow/dags/sftp-turshilt.py","lineno":15,"name":"<module>"}],"is_group":false,"exceptions":[]}]}
{"timestamp":"2025-07-30T07:17:04.270551","level":"info","event":"Filling up the DagBag from /opt/airflow/dags/sftp-turshilt.py","logger":"airflow.models.dagbag.DagBag"}
{"timestamp":"2025-07-30T07:17:04.649251","level":"error","event":"Failed to import: /opt/airflow/dags/sftp-turshilt.py","logger":"airflow.models.dagbag.DagBag","error_detail":[{"exc_type":"TypeError","exc_value":"DAG.__init__() got an unexpected keyword argument 'schedule_interval'","exc_notes":[],"syntax_error":null,"is_cause":false,"frames":[{"filename":"/home/airflow/.local/lib/python3.12/site-packages/airflow/models/dagbag.py","lineno":394,"name":"parse"},{"filename":"<frozen importlib._bootstrap_external>","lineno":999,"name":"exec_module"},{"filename":"<frozen importlib._bootstrap>","lineno":488,"name":"_call_with_frames_removed"},{"filename":"/opt/airflow/dags/sftp-turshilt.py","lineno":15,"name":"<module>"}],"is_group":false,"exceptions":[]}]}
{"timestamp":"2025-07-30T07:17:14.887850","level":"info","event":"Filling up the DagBag from /opt/airflow/dags/sftp-turshilt.py","logger":"airflow.models.dagbag.DagBag"}
{"timestamp":"2025-07-30T07:17:15.255099","level":"error","event":"Failed to import: /opt/airflow/dags/sftp-turshilt.py","logger":"airflow.models.dagbag.DagBag","error_detail":[{"exc_type":"TypeError","exc_value":"DAG.__init__() got an unexpected keyword argument 'schedule_interval'","exc_notes":[],"syntax_error":null,"is_cause":false,"frames":[{"filename":"/home/airflow/.local/lib/python3.12/site-packages/airflow/models/dagbag.py","lineno":394,"name":"parse"},{"filename":"<frozen importlib._bootstrap_external>","lineno":999,"name":"exec_module"},{"filename":"<frozen importlib._bootstrap>","lineno":488,"name":"_call_with_frames_removed"},{"filename":"/opt/airflow/dags/sftp-turshilt.py","lineno":15,"name":"<module>"}],"is_group":false,"exceptions":[]}]}
{"timestamp":"2025-07-30T07:17:24.633808","level":"info","event":"Filling up the DagBag from /opt/airflow/dags/sftp-turshilt.py","logger":"airflow.models.dagbag.DagBag"}
{"timestamp":"2025-07-30T07:17:56.202447","level":"info","event":"Filling up the DagBag from /opt/airflow/dags/sftp-turshilt.py","logger":"airflow.models.dagbag.DagBag"}
{"timestamp":"2025-07-30T07:18:27.428970","level":"info","event":"Filling up the DagBag from /opt/airflow/dags/sftp-turshilt.py","logger":"airflow.models.dagbag.DagBag"}
{"timestamp":"2025-07-30T07:18:58.418806","level":"info","event":"Filling up the DagBag from /opt/airflow/dags/sftp-turshilt.py","logger":"airflow.models.dagbag.DagBag"}
{"timestamp":"2025-07-30T07:19:29.822999","level":"info","event":"Filling up the DagBag from /opt/airflow/dags/sftp-turshilt.py","logger":"airflow.models.dagbag.DagBag"}
{"timestamp":"2025-07-30T07:20:01.013582","level":"info","event":"Filling up the DagBag from /opt/airflow/dags/sftp-turshilt.py","logger":"airflow.models.dagbag.DagBag"}
{"timestamp":"2025-07-30T07:20:32.337574","level":"info","event":"Filling up the DagBag from /opt/airflow/dags/sftp-turshilt.py","logger":"airflow.models.dagbag.DagBag"}
{"timestamp":"2025-07-30T07:21:03.363519","level":"info","event":"Filling up the DagBag from /opt/airflow/dags/sftp-turshilt.py","logger":"airflow.models.dagbag.DagBag"}
{"timestamp":"2025-07-30T07:21:33.983159","level":"info","event":"Filling up the DagBag from /opt/airflow/dags/sftp-turshilt.py","logger":"airflow.models.dagbag.DagBag"}
{"timestamp":"2025-07-30T07:22:05.336809","level":"info","event":"Filling up the DagBag from /opt/airflow/dags/sftp-turshilt.py","logger":"airflow.models.dagbag.DagBag"}
{"timestamp":"2025-07-30T07:22:36.971688","level":"info","event":"Filling up the DagBag from /opt/airflow/dags/sftp-turshilt.py","logger":"airflow.models.dagbag.DagBag"}
{"timestamp":"2025-07-30T07:23:07.559497","level":"info","event":"Filling up the DagBag from /opt/airflow/dags/sftp-turshilt.py","logger":"airflow.models.dagbag.DagBag"}
{"timestamp":"2025-07-30T07:23:38.377443","level":"info","event":"Filling up the DagBag from /opt/airflow/dags/sftp-turshilt.py","logger":"airflow.models.dagbag.DagBag"}
{"timestamp":"2025-07-30T07:24:08.839297","level":"info","event":"Filling up the DagBag from /opt/airflow/dags/sftp-turshilt.py","logger":"airflow.models.dagbag.DagBag"}
{"timestamp":"2025-07-30T07:24:39.297058","level":"info","event":"Filling up the DagBag from /opt/airflow/dags/sftp-turshilt.py","logger":"airflow.models.dagbag.DagBag"}
{"timestamp":"2025-07-30T07:25:10.580888","level":"info","event":"Filling up the DagBag from /opt/airflow/dags/sftp-turshilt.py","logger":"airflow.models.dagbag.DagBag"}
{"timestamp":"2025-07-30T07:25:41.189826","level":"info","event":"Filling up the DagBag from /opt/airflow/dags/sftp-turshilt.py","logger":"airflow.models.dagbag.DagBag"}
{"timestamp":"2025-07-30T07:26:11.972990","level":"info","event":"Filling up the DagBag from /opt/airflow/dags/sftp-turshilt.py","logger":"airflow.models.dagbag.DagBag"}
{"timestamp":"2025-07-30T07:26:43.180279","level":"info","event":"Filling up the DagBag from /opt/airflow/dags/sftp-turshilt.py","logger":"airflow.models.dagbag.DagBag"}
{"timestamp":"2025-07-30T07:27:13.860739","level":"info","event":"Filling up the DagBag from /opt/airflow/dags/sftp-turshilt.py","logger":"airflow.models.dagbag.DagBag"}
{"timestamp":"2025-07-30T07:27:44.879015","level":"info","event":"Filling up the DagBag from /opt/airflow/dags/sftp-turshilt.py","logger":"airflow.models.dagbag.DagBag"}
{"timestamp":"2025-07-30T07:28:16.013464","level":"info","event":"Filling up the DagBag from /opt/airflow/dags/sftp-turshilt.py","logger":"airflow.models.dagbag.DagBag"}
{"timestamp":"2025-07-30T07:28:46.646787","level":"info","event":"Filling up the DagBag from /opt/airflow/dags/sftp-turshilt.py","logger":"airflow.models.dagbag.DagBag"}
{"timestamp":"2025-07-30T07:29:17.202440","level":"info","event":"Filling up the DagBag from /opt/airflow/dags/sftp-turshilt.py","logger":"airflow.models.dagbag.DagBag"}
{"timestamp":"2025-07-30T07:29:48.530485","level":"info","event":"Filling up the DagBag from /opt/airflow/dags/sftp-turshilt.py","logger":"airflow.models.dagbag.DagBag"}
{"timestamp":"2025-07-30T07:30:19.760642","level":"info","event":"Filling up the DagBag from /opt/airflow/dags/sftp-turshilt.py","logger":"airflow.models.dagbag.DagBag"}
{"timestamp":"2025-07-30T07:30:50.276619","level":"info","event":"Filling up the DagBag from /opt/airflow/dags/sftp-turshilt.py","logger":"airflow.models.dagbag.DagBag"}
{"timestamp":"2025-07-30T07:31:20.789143","level":"info","event":"Filling up the DagBag from /opt/airflow/dags/sftp-turshilt.py","logger":"airflow.models.dagbag.DagBag"}
{"timestamp":"2025-07-30T07:31:51.859631","level":"info","event":"Filling up the DagBag from /opt/airflow/dags/sftp-turshilt.py","logger":"airflow.models.dagbag.DagBag"}
{"timestamp":"2025-07-30T07:32:23.086462","level":"info","event":"Filling up the DagBag from /opt/airflow/dags/sftp-turshilt.py","logger":"airflow.models.dagbag.DagBag"}
{"timestamp":"2025-07-30T07:32:54.391423","level":"info","event":"Filling up the DagBag from /opt/airflow/dags/sftp-turshilt.py","logger":"airflow.models.dagbag.DagBag"}
{"timestamp":"2025-07-30T07:33:25.188770","level":"info","event":"Filling up the DagBag from /opt/airflow/dags/sftp-turshilt.py","logger":"airflow.models.dagbag.DagBag"}
{"timestamp":"2025-07-30T07:33:56.440414","level":"info","event":"Filling up the DagBag from /opt/airflow/dags/sftp-turshilt.py","logger":"airflow.models.dagbag.DagBag"}
{"timestamp":"2025-07-30T07:34:27.800615","level":"info","event":"Filling up the DagBag from /opt/airflow/dags/sftp-turshilt.py","logger":"airflow.models.dagbag.DagBag"}
{"timestamp":"2025-07-30T07:34:58.779233","level":"info","event":"Filling up the DagBag from /opt/airflow/dags/sftp-turshilt.py","logger":"airflow.models.dagbag.DagBag"}
{"timestamp":"2025-07-30T07:35:30.305365","level":"info","event":"Filling up the DagBag from /opt/airflow/dags/sftp-turshilt.py","logger":"airflow.models.dagbag.DagBag"}
{"timestamp":"2025-07-30T07:36:01.593764","level":"info","event":"Filling up the DagBag from /opt/airflow/dags/sftp-turshilt.py","logger":"airflow.models.dagbag.DagBag"}
{"timestamp":"2025-07-30T07:36:33.123538","level":"info","event":"Filling up the DagBag from /opt/airflow/dags/sftp-turshilt.py","logger":"airflow.models.dagbag.DagBag"}
{"timestamp":"2025-07-30T07:37:04.392360","level":"info","event":"Filling up the DagBag from /opt/airflow/dags/sftp-turshilt.py","logger":"airflow.models.dagbag.DagBag"}
{"timestamp":"2025-07-30T07:37:35.669422","level":"info","event":"Filling up the DagBag from /opt/airflow/dags/sftp-turshilt.py","logger":"airflow.models.dagbag.DagBag"}
{"timestamp":"2025-07-30T07:38:06.983468","level":"info","event":"Filling up the DagBag from /opt/airflow/dags/sftp-turshilt.py","logger":"airflow.models.dagbag.DagBag"}
{"timestamp":"2025-07-30T07:38:37.921098","level":"info","event":"Filling up the DagBag from /opt/airflow/dags/sftp-turshilt.py","logger":"airflow.models.dagbag.DagBag"}
{"timestamp":"2025-07-30T07:39:08.634311","level":"info","event":"Filling up the DagBag from /opt/airflow/dags/sftp-turshilt.py","logger":"airflow.models.dagbag.DagBag"}
{"timestamp":"2025-07-30T07:39:40.089013","level":"info","event":"Filling up the DagBag from /opt/airflow/dags/sftp-turshilt.py","logger":"airflow.models.dagbag.DagBag"}
{"timestamp":"2025-07-30T07:40:11.475241","level":"info","event":"Filling up the DagBag from /opt/airflow/dags/sftp-turshilt.py","logger":"airflow.models.dagbag.DagBag"}
{"timestamp":"2025-07-30T07:40:36.610081","level":"info","event":"Filling up the DagBag from /opt/airflow/dags/sftp-turshilt.py","logger":"airflow.models.dagbag.DagBag"}
{"timestamp":"2025-07-30T07:41:07.336610","level":"info","event":"Filling up the DagBag from /opt/airflow/dags/sftp-turshilt.py","logger":"airflow.models.dagbag.DagBag"}
{"timestamp":"2025-07-30T07:41:39.350853","level":"info","event":"Filling up the DagBag from /opt/airflow/dags/sftp-turshilt.py","logger":"airflow.models.dagbag.DagBag"}
{"timestamp":"2025-07-30T07:42:10.390589","level":"info","event":"Filling up the DagBag from /opt/airflow/dags/sftp-turshilt.py","logger":"airflow.models.dagbag.DagBag"}
{"timestamp":"2025-07-30T07:42:41.718991","level":"info","event":"Filling up the DagBag from /opt/airflow/dags/sftp-turshilt.py","logger":"airflow.models.dagbag.DagBag"}
{"timestamp":"2025-07-30T07:43:13.266433","level":"info","event":"Filling up the DagBag from /opt/airflow/dags/sftp-turshilt.py","logger":"airflow.models.dagbag.DagBag"}
{"timestamp":"2025-07-30T07:43:44.290970","level":"info","event":"Filling up the DagBag from /opt/airflow/dags/sftp-turshilt.py","logger":"airflow.models.dagbag.DagBag"}
{"timestamp":"2025-07-30T07:44:15.218387","level":"info","event":"Filling up the DagBag from /opt/airflow/dags/sftp-turshilt.py","logger":"airflow.models.dagbag.DagBag"}
{"timestamp":"2025-07-30T07:44:46.616070","level":"info","event":"Filling up the DagBag from /opt/airflow/dags/sftp-turshilt.py","logger":"airflow.models.dagbag.DagBag"}
{"timestamp":"2025-07-30T07:45:17.280355","level":"info","event":"Filling up the DagBag from /opt/airflow/dags/sftp-turshilt.py","logger":"airflow.models.dagbag.DagBag"}
{"timestamp":"2025-07-30T07:45:48.943939","level":"info","event":"Filling up the DagBag from /opt/airflow/dags/sftp-turshilt.py","logger":"airflow.models.dagbag.DagBag"}
{"timestamp":"2025-07-30T07:46:20.489882","level":"info","event":"Filling up the DagBag from /opt/airflow/dags/sftp-turshilt.py","logger":"airflow.models.dagbag.DagBag"}
{"timestamp":"2025-07-30T07:46:51.962796","level":"info","event":"Filling up the DagBag from /opt/airflow/dags/sftp-turshilt.py","logger":"airflow.models.dagbag.DagBag"}
{"timestamp":"2025-07-30T07:47:23.212369","level":"info","event":"Filling up the DagBag from /opt/airflow/dags/sftp-turshilt.py","logger":"airflow.models.dagbag.DagBag"}
{"timestamp":"2025-07-30T07:47:54.014963","level":"info","event":"Filling up the DagBag from /opt/airflow/dags/sftp-turshilt.py","logger":"airflow.models.dagbag.DagBag"}
{"timestamp":"2025-07-30T07:48:24.797999","level":"info","event":"Filling up the DagBag from /opt/airflow/dags/sftp-turshilt.py","logger":"airflow.models.dagbag.DagBag"}
{"timestamp":"2025-07-30T07:48:56.382970","level":"info","event":"Filling up the DagBag from /opt/airflow/dags/sftp-turshilt.py","logger":"airflow.models.dagbag.DagBag"}
{"timestamp":"2025-07-30T07:49:27.987280","level":"info","event":"Filling up the DagBag from /opt/airflow/dags/sftp-turshilt.py","logger":"airflow.models.dagbag.DagBag"}
{"timestamp":"2025-07-30T07:49:59.155596","level":"info","event":"Filling up the DagBag from /opt/airflow/dags/sftp-turshilt.py","logger":"airflow.models.dagbag.DagBag"}
{"timestamp":"2025-07-30T07:50:30.090629","level":"info","event":"Filling up the DagBag from /opt/airflow/dags/sftp-turshilt.py","logger":"airflow.models.dagbag.DagBag"}
{"timestamp":"2025-07-30T07:51:01.115988","level":"info","event":"Filling up the DagBag from /opt/airflow/dags/sftp-turshilt.py","logger":"airflow.models.dagbag.DagBag"}
{"timestamp":"2025-07-30T07:51:31.996079","level":"info","event":"Filling up the DagBag from /opt/airflow/dags/sftp-turshilt.py","logger":"airflow.models.dagbag.DagBag"}
{"timestamp":"2025-07-30T07:52:03.016064","level":"info","event":"Filling up the DagBag from /opt/airflow/dags/sftp-turshilt.py","logger":"airflow.models.dagbag.DagBag"}
{"timestamp":"2025-07-30T07:52:34.031111","level":"info","event":"Filling up the DagBag from /opt/airflow/dags/sftp-turshilt.py","logger":"airflow.models.dagbag.DagBag"}
{"timestamp":"2025-07-30T07:53:05.140700","level":"info","event":"Filling up the DagBag from /opt/airflow/dags/sftp-turshilt.py","logger":"airflow.models.dagbag.DagBag"}
{"timestamp":"2025-07-30T07:53:36.185079","level":"info","event":"Filling up the DagBag from /opt/airflow/dags/sftp-turshilt.py","logger":"airflow.models.dagbag.DagBag"}
{"timestamp":"2025-07-30T07:54:07.475440","level":"info","event":"Filling up the DagBag from /opt/airflow/dags/sftp-turshilt.py","logger":"airflow.models.dagbag.DagBag"}
{"timestamp":"2025-07-30T07:54:39.200553","level":"info","event":"Filling up the DagBag from /opt/airflow/dags/sftp-turshilt.py","logger":"airflow.models.dagbag.DagBag"}
{"timestamp":"2025-07-30T07:55:09.915517","level":"info","event":"Filling up the DagBag from /opt/airflow/dags/sftp-turshilt.py","logger":"airflow.models.dagbag.DagBag"}
{"timestamp":"2025-07-30T07:55:40.638983","level":"info","event":"Filling up the DagBag from /opt/airflow/dags/sftp-turshilt.py","logger":"airflow.models.dagbag.DagBag"}
{"timestamp":"2025-07-30T07:56:12.219389","level":"info","event":"Filling up the DagBag from /opt/airflow/dags/sftp-turshilt.py","logger":"airflow.models.dagbag.DagBag"}
{"timestamp":"2025-07-30T07:56:43.756556","level":"info","event":"Filling up the DagBag from /opt/airflow/dags/sftp-turshilt.py","logger":"airflow.models.dagbag.DagBag"}
{"timestamp":"2025-07-30T07:57:15.147721","level":"info","event":"Filling up the DagBag from /opt/airflow/dags/sftp-turshilt.py","logger":"airflow.models.dagbag.DagBag"}
{"timestamp":"2025-07-30T07:57:45.891277","level":"info","event":"Filling up the DagBag from /opt/airflow/dags/sftp-turshilt.py","logger":"airflow.models.dagbag.DagBag"}
{"timestamp":"2025-07-30T07:58:16.740175","level":"info","event":"Filling up the DagBag from /opt/airflow/dags/sftp-turshilt.py","logger":"airflow.models.dagbag.DagBag"}
{"timestamp":"2025-07-30T07:58:47.480916","level":"info","event":"Filling up the DagBag from /opt/airflow/dags/sftp-turshilt.py","logger":"airflow.models.dagbag.DagBag"}
{"timestamp":"2025-07-30T07:59:18.723314","level":"info","event":"Filling up the DagBag from /opt/airflow/dags/sftp-turshilt.py","logger":"airflow.models.dagbag.DagBag"}
{"timestamp":"2025-07-30T07:59:49.367700","level":"info","event":"Filling up the DagBag from /opt/airflow/dags/sftp-turshilt.py","logger":"airflow.models.dagbag.DagBag"}
{"timestamp":"2025-07-30T08:00:20.670923","level":"info","event":"Filling up the DagBag from /opt/airflow/dags/sftp-turshilt.py","logger":"airflow.models.dagbag.DagBag"}
{"timestamp":"2025-07-30T08:00:51.590316","level":"info","event":"Filling up the DagBag from /opt/airflow/dags/sftp-turshilt.py","logger":"airflow.models.dagbag.DagBag"}
{"timestamp":"2025-07-30T08:01:22.550653","level":"info","event":"Filling up the DagBag from /opt/airflow/dags/sftp-turshilt.py","logger":"airflow.models.dagbag.DagBag"}
{"timestamp":"2025-07-30T08:01:53.262392","level":"info","event":"Filling up the DagBag from /opt/airflow/dags/sftp-turshilt.py","logger":"airflow.models.dagbag.DagBag"}
{"timestamp":"2025-07-30T08:02:23.881896","level":"info","event":"Filling up the DagBag from /opt/airflow/dags/sftp-turshilt.py","logger":"airflow.models.dagbag.DagBag"}
{"timestamp":"2025-07-30T08:02:54.606520","level":"info","event":"Filling up the DagBag from /opt/airflow/dags/sftp-turshilt.py","logger":"airflow.models.dagbag.DagBag"}
{"timestamp":"2025-07-30T08:03:25.570495","level":"info","event":"Filling up the DagBag from /opt/airflow/dags/sftp-turshilt.py","logger":"airflow.models.dagbag.DagBag"}
{"timestamp":"2025-07-30T08:03:56.733333","level":"info","event":"Filling up the DagBag from /opt/airflow/dags/sftp-turshilt.py","logger":"airflow.models.dagbag.DagBag"}
{"timestamp":"2025-07-30T08:04:28.342534","level":"info","event":"Filling up the DagBag from /opt/airflow/dags/sftp-turshilt.py","logger":"airflow.models.dagbag.DagBag"}
{"timestamp":"2025-07-30T08:04:59.584633","level":"info","event":"Filling up the DagBag from /opt/airflow/dags/sftp-turshilt.py","logger":"airflow.models.dagbag.DagBag"}
{"timestamp":"2025-07-30T08:05:31.053439","level":"info","event":"Filling up the DagBag from /opt/airflow/dags/sftp-turshilt.py","logger":"airflow.models.dagbag.DagBag"}
{"timestamp":"2025-07-30T08:06:02.035798","level":"info","event":"Filling up the DagBag from /opt/airflow/dags/sftp-turshilt.py","logger":"airflow.models.dagbag.DagBag"}
{"timestamp":"2025-07-30T08:06:32.715118","level":"info","event":"Filling up the DagBag from /opt/airflow/dags/sftp-turshilt.py","logger":"airflow.models.dagbag.DagBag"}
{"timestamp":"2025-07-30T08:07:03.362658","level":"info","event":"Filling up the DagBag from /opt/airflow/dags/sftp-turshilt.py","logger":"airflow.models.dagbag.DagBag"}
{"timestamp":"2025-07-30T08:07:34.135234","level":"info","event":"Filling up the DagBag from /opt/airflow/dags/sftp-turshilt.py","logger":"airflow.models.dagbag.DagBag"}
{"timestamp":"2025-07-30T08:08:04.975706","level":"info","event":"Filling up the DagBag from /opt/airflow/dags/sftp-turshilt.py","logger":"airflow.models.dagbag.DagBag"}
{"timestamp":"2025-07-30T08:08:35.722799","level":"info","event":"Filling up the DagBag from /opt/airflow/dags/sftp-turshilt.py","logger":"airflow.models.dagbag.DagBag"}
{"timestamp":"2025-07-30T08:09:06.616071","level":"info","event":"Filling up the DagBag from /opt/airflow/dags/sftp-turshilt.py","logger":"airflow.models.dagbag.DagBag"}
{"timestamp":"2025-07-30T08:09:37.638128","level":"info","event":"Filling up the DagBag from /opt/airflow/dags/sftp-turshilt.py","logger":"airflow.models.dagbag.DagBag"}
{"timestamp":"2025-07-30T08:10:08.313954","level":"info","event":"Filling up the DagBag from /opt/airflow/dags/sftp-turshilt.py","logger":"airflow.models.dagbag.DagBag"}
{"timestamp":"2025-07-30T08:10:38.925701","level":"info","event":"Filling up the DagBag from /opt/airflow/dags/sftp-turshilt.py","logger":"airflow.models.dagbag.DagBag"}
{"timestamp":"2025-07-30T08:11:10.402586","level":"info","event":"Filling up the DagBag from /opt/airflow/dags/sftp-turshilt.py","logger":"airflow.models.dagbag.DagBag"}
{"timestamp":"2025-07-30T08:11:41.330728","level":"info","event":"Filling up the DagBag from /opt/airflow/dags/sftp-turshilt.py","logger":"airflow.models.dagbag.DagBag"}
{"timestamp":"2025-07-30T08:12:12.117214","level":"info","event":"Filling up the DagBag from /opt/airflow/dags/sftp-turshilt.py","logger":"airflow.models.dagbag.DagBag"}
{"timestamp":"2025-07-30T08:12:42.889246","level":"info","event":"Filling up the DagBag from /opt/airflow/dags/sftp-turshilt.py","logger":"airflow.models.dagbag.DagBag"}
{"timestamp":"2025-07-30T08:13:14.055895","level":"info","event":"Filling up the DagBag from /opt/airflow/dags/sftp-turshilt.py","logger":"airflow.models.dagbag.DagBag"}
{"timestamp":"2025-07-30T08:13:45.016376","level":"info","event":"Filling up the DagBag from /opt/airflow/dags/sftp-turshilt.py","logger":"airflow.models.dagbag.DagBag"}
{"timestamp":"2025-07-30T08:14:16.801993","level":"info","event":"Filling up the DagBag from /opt/airflow/dags/sftp-turshilt.py","logger":"airflow.models.dagbag.DagBag"}
{"timestamp":"2025-07-30T08:14:47.489310","level":"info","event":"Filling up the DagBag from /opt/airflow/dags/sftp-turshilt.py","logger":"airflow.models.dagbag.DagBag"}
{"timestamp":"2025-07-30T08:15:18.284825","level":"info","event":"Filling up the DagBag from /opt/airflow/dags/sftp-turshilt.py","logger":"airflow.models.dagbag.DagBag"}
{"timestamp":"2025-07-30T08:15:49.170969","level":"info","event":"Filling up the DagBag from /opt/airflow/dags/sftp-turshilt.py","logger":"airflow.models.dagbag.DagBag"}
{"timestamp":"2025-07-30T08:16:20.076129","level":"info","event":"Filling up the DagBag from /opt/airflow/dags/sftp-turshilt.py","logger":"airflow.models.dagbag.DagBag"}
{"timestamp":"2025-07-30T08:16:50.847203","level":"info","event":"Filling up the DagBag from /opt/airflow/dags/sftp-turshilt.py","logger":"airflow.models.dagbag.DagBag"}
{"timestamp":"2025-07-30T08:17:21.513374","level":"info","event":"Filling up the DagBag from /opt/airflow/dags/sftp-turshilt.py","logger":"airflow.models.dagbag.DagBag"}
{"timestamp":"2025-07-30T08:17:52.393435","level":"info","event":"Filling up the DagBag from /opt/airflow/dags/sftp-turshilt.py","logger":"airflow.models.dagbag.DagBag"}
{"timestamp":"2025-07-30T08:18:23.994460","level":"info","event":"Filling up the DagBag from /opt/airflow/dags/sftp-turshilt.py","logger":"airflow.models.dagbag.DagBag"}
{"timestamp":"2025-07-30T08:18:54.851412","level":"info","event":"Filling up the DagBag from /opt/airflow/dags/sftp-turshilt.py","logger":"airflow.models.dagbag.DagBag"}
{"timestamp":"2025-07-30T08:19:26.064145","level":"info","event":"Filling up the DagBag from /opt/airflow/dags/sftp-turshilt.py","logger":"airflow.models.dagbag.DagBag"}
{"timestamp":"2025-07-30T08:19:52.935240","level":"info","event":"Filling up the DagBag from /opt/airflow/dags/sftp-turshilt.py","logger":"airflow.models.dagbag.DagBag"}
{"timestamp":"2025-07-30T08:20:24.526369","level":"info","event":"Filling up the DagBag from /opt/airflow/dags/sftp-turshilt.py","logger":"airflow.models.dagbag.DagBag"}
{"timestamp":"2025-07-30T08:20:55.411455","level":"info","event":"Filling up the DagBag from /opt/airflow/dags/sftp-turshilt.py","logger":"airflow.models.dagbag.DagBag"}
{"timestamp":"2025-07-30T08:44:32.602420","level":"info","event":"Filling up the DagBag from /opt/airflow/dags/sftp-turshilt.py","logger":"airflow.models.dagbag.DagBag"}
{"timestamp":"2025-07-30T08:44:34.090036","level":"error","event":"Failed to import: /opt/airflow/dags/sftp-turshilt.py","logger":"airflow.models.dagbag.DagBag","error_detail":[{"exc_type":"ImportError","exc_value":"cannot import name 'days_ago' from 'airflow.utils.dates' (/home/airflow/.local/lib/python3.12/site-packages/airflow/utils/dates.py)","exc_notes":[],"syntax_error":null,"is_cause":false,"frames":[{"filename":"/home/airflow/.local/lib/python3.12/site-packages/airflow/models/dagbag.py","lineno":394,"name":"parse"},{"filename":"<frozen importlib._bootstrap_external>","lineno":999,"name":"exec_module"},{"filename":"<frozen importlib._bootstrap>","lineno":488,"name":"_call_with_frames_removed"},{"filename":"/opt/airflow/dags/sftp-turshilt.py","lineno":4,"name":"<module>"}],"is_group":false,"exceptions":[]}]}
{"timestamp":"2025-07-30T08:45:06.701133","level":"info","event":"Filling up the DagBag from /opt/airflow/dags/sftp-turshilt.py","logger":"airflow.models.dagbag.DagBag"}
{"timestamp":"2025-07-30T08:45:06.898402","level":"error","event":"Failed to import: /opt/airflow/dags/sftp-turshilt.py","logger":"airflow.models.dagbag.DagBag","error_detail":[{"exc_type":"ImportError","exc_value":"cannot import name 'days_ago' from 'airflow.utils.dates' (/home/airflow/.local/lib/python3.12/site-packages/airflow/utils/dates.py)","exc_notes":[],"syntax_error":null,"is_cause":false,"frames":[{"filename":"/home/airflow/.local/lib/python3.12/site-packages/airflow/models/dagbag.py","lineno":394,"name":"parse"},{"filename":"<frozen importlib._bootstrap_external>","lineno":999,"name":"exec_module"},{"filename":"<frozen importlib._bootstrap>","lineno":488,"name":"_call_with_frames_removed"},{"filename":"/opt/airflow/dags/sftp-turshilt.py","lineno":4,"name":"<module>"}],"is_group":false,"exceptions":[]}]}
{"timestamp":"2025-07-30T08:45:37.824805","level":"info","event":"Filling up the DagBag from /opt/airflow/dags/sftp-turshilt.py","logger":"airflow.models.dagbag.DagBag"}
{"timestamp":"2025-07-30T08:45:38.166199","level":"error","event":"Failed to import: /opt/airflow/dags/sftp-turshilt.py","logger":"airflow.models.dagbag.DagBag","error_detail":[{"exc_type":"ImportError","exc_value":"cannot import name 'days_ago' from 'airflow.utils.dates' (/home/airflow/.local/lib/python3.12/site-packages/airflow/utils/dates.py)","exc_notes":[],"syntax_error":null,"is_cause":false,"frames":[{"filename":"/home/airflow/.local/lib/python3.12/site-packages/airflow/models/dagbag.py","lineno":394,"name":"parse"},{"filename":"<frozen importlib._bootstrap_external>","lineno":999,"name":"exec_module"},{"filename":"<frozen importlib._bootstrap>","lineno":488,"name":"_call_with_frames_removed"},{"filename":"/opt/airflow/dags/sftp-turshilt.py","lineno":4,"name":"<module>"}],"is_group":false,"exceptions":[]}]}
{"timestamp":"2025-07-30T08:46:08.597867","level":"info","event":"Filling up the DagBag from /opt/airflow/dags/sftp-turshilt.py","logger":"airflow.models.dagbag.DagBag"}
{"timestamp":"2025-07-30T08:46:08.712014","level":"error","event":"Failed to import: /opt/airflow/dags/sftp-turshilt.py","logger":"airflow.models.dagbag.DagBag","error_detail":[{"exc_type":"ImportError","exc_value":"cannot import name 'days_ago' from 'airflow.utils.dates' (/home/airflow/.local/lib/python3.12/site-packages/airflow/utils/dates.py)","exc_notes":[],"syntax_error":null,"is_cause":false,"frames":[{"filename":"/home/airflow/.local/lib/python3.12/site-packages/airflow/models/dagbag.py","lineno":394,"name":"parse"},{"filename":"<frozen importlib._bootstrap_external>","lineno":999,"name":"exec_module"},{"filename":"<frozen importlib._bootstrap>","lineno":488,"name":"_call_with_frames_removed"},{"filename":"/opt/airflow/dags/sftp-turshilt.py","lineno":4,"name":"<module>"}],"is_group":false,"exceptions":[]}]}
{"timestamp":"2025-07-30T08:46:39.056850","level":"info","event":"Filling up the DagBag from /opt/airflow/dags/sftp-turshilt.py","logger":"airflow.models.dagbag.DagBag"}
{"timestamp":"2025-07-30T08:46:39.404680","level":"error","event":"Failed to import: /opt/airflow/dags/sftp-turshilt.py","logger":"airflow.models.dagbag.DagBag","error_detail":[{"exc_type":"ImportError","exc_value":"cannot import name 'days_ago' from 'airflow.utils.dates' (/home/airflow/.local/lib/python3.12/site-packages/airflow/utils/dates.py)","exc_notes":[],"syntax_error":null,"is_cause":false,"frames":[{"filename":"/home/airflow/.local/lib/python3.12/site-packages/airflow/models/dagbag.py","lineno":394,"name":"parse"},{"filename":"<frozen importlib._bootstrap_external>","lineno":999,"name":"exec_module"},{"filename":"<frozen importlib._bootstrap>","lineno":488,"name":"_call_with_frames_removed"},{"filename":"/opt/airflow/dags/sftp-turshilt.py","lineno":4,"name":"<module>"}],"is_group":false,"exceptions":[]}]}
{"timestamp":"2025-07-30T08:46:55.538489","level":"info","event":"Filling up the DagBag from /opt/airflow/dags/sftp-turshilt.py","logger":"airflow.models.dagbag.DagBag"}
{"timestamp":"2025-07-30T08:46:56.098695","level":"error","event":"Failed to import: /opt/airflow/dags/sftp-turshilt.py","logger":"airflow.models.dagbag.DagBag","error_detail":[{"exc_type":"TypeError","exc_value":"missing keyword argument 'remote_filepath'","exc_notes":[],"syntax_error":null,"is_cause":false,"frames":[{"filename":"/home/airflow/.local/lib/python3.12/site-packages/airflow/models/dagbag.py","lineno":394,"name":"parse"},{"filename":"<frozen importlib._bootstrap_external>","lineno":999,"name":"exec_module"},{"filename":"<frozen importlib._bootstrap>","lineno":488,"name":"_call_with_frames_removed"},{"filename":"/opt/airflow/dags/sftp-turshilt.py","lineno":21,"name":"<module>"},{"filename":"/home/airflow/.local/lib/python3.12/site-packages/airflow/sdk/bases/operator.py","lineno":485,"name":"apply_defaults"}],"is_group":false,"exceptions":[]}]}
{"timestamp":"2025-07-30T08:47:26.254985","level":"info","event":"Filling up the DagBag from /opt/airflow/dags/sftp-turshilt.py","logger":"airflow.models.dagbag.DagBag"}
{"timestamp":"2025-07-30T08:47:26.584224","level":"error","event":"Failed to import: /opt/airflow/dags/sftp-turshilt.py","logger":"airflow.models.dagbag.DagBag","error_detail":[{"exc_type":"TypeError","exc_value":"missing keyword argument 'remote_filepath'","exc_notes":[],"syntax_error":null,"is_cause":false,"frames":[{"filename":"/home/airflow/.local/lib/python3.12/site-packages/airflow/models/dagbag.py","lineno":394,"name":"parse"},{"filename":"<frozen importlib._bootstrap_external>","lineno":999,"name":"exec_module"},{"filename":"<frozen importlib._bootstrap>","lineno":488,"name":"_call_with_frames_removed"},{"filename":"/opt/airflow/dags/sftp-turshilt.py","lineno":21,"name":"<module>"},{"filename":"/home/airflow/.local/lib/python3.12/site-packages/airflow/sdk/bases/operator.py","lineno":485,"name":"apply_defaults"}],"is_group":false,"exceptions":[]}]}
{"timestamp":"2025-07-30T08:47:57.300701","level":"info","event":"Filling up the DagBag from /opt/airflow/dags/sftp-turshilt.py","logger":"airflow.models.dagbag.DagBag"}
{"timestamp":"2025-07-30T08:47:57.614124","level":"error","event":"Failed to import: /opt/airflow/dags/sftp-turshilt.py","logger":"airflow.models.dagbag.DagBag","error_detail":[{"exc_type":"TypeError","exc_value":"missing keyword argument 'remote_filepath'","exc_notes":[],"syntax_error":null,"is_cause":false,"frames":[{"filename":"/home/airflow/.local/lib/python3.12/site-packages/airflow/models/dagbag.py","lineno":394,"name":"parse"},{"filename":"<frozen importlib._bootstrap_external>","lineno":999,"name":"exec_module"},{"filename":"<frozen importlib._bootstrap>","lineno":488,"name":"_call_with_frames_removed"},{"filename":"/opt/airflow/dags/sftp-turshilt.py","lineno":21,"name":"<module>"},{"filename":"/home/airflow/.local/lib/python3.12/site-packages/airflow/sdk/bases/operator.py","lineno":485,"name":"apply_defaults"}],"is_group":false,"exceptions":[]}]}
{"timestamp":"2025-07-30T08:48:28.222546","level":"info","event":"Filling up the DagBag from /opt/airflow/dags/sftp-turshilt.py","logger":"airflow.models.dagbag.DagBag"}
{"timestamp":"2025-07-30T08:48:28.599284","level":"error","event":"Failed to import: /opt/airflow/dags/sftp-turshilt.py","logger":"airflow.models.dagbag.DagBag","error_detail":[{"exc_type":"TypeError","exc_value":"missing keyword argument 'remote_filepath'","exc_notes":[],"syntax_error":null,"is_cause":false,"frames":[{"filename":"/home/airflow/.local/lib/python3.12/site-packages/airflow/models/dagbag.py","lineno":394,"name":"parse"},{"filename":"<frozen importlib._bootstrap_external>","lineno":999,"name":"exec_module"},{"filename":"<frozen importlib._bootstrap>","lineno":488,"name":"_call_with_frames_removed"},{"filename":"/opt/airflow/dags/sftp-turshilt.py","lineno":21,"name":"<module>"},{"filename":"/home/airflow/.local/lib/python3.12/site-packages/airflow/sdk/bases/operator.py","lineno":485,"name":"apply_defaults"}],"is_group":false,"exceptions":[]}]}
{"timestamp":"2025-07-30T08:48:59.282518","level":"info","event":"Filling up the DagBag from /opt/airflow/dags/sftp-turshilt.py","logger":"airflow.models.dagbag.DagBag"}
{"timestamp":"2025-07-30T08:48:59.590109","level":"error","event":"Failed to import: /opt/airflow/dags/sftp-turshilt.py","logger":"airflow.models.dagbag.DagBag","error_detail":[{"exc_type":"TypeError","exc_value":"missing keyword argument 'remote_filepath'","exc_notes":[],"syntax_error":null,"is_cause":false,"frames":[{"filename":"/home/airflow/.local/lib/python3.12/site-packages/airflow/models/dagbag.py","lineno":394,"name":"parse"},{"filename":"<frozen importlib._bootstrap_external>","lineno":999,"name":"exec_module"},{"filename":"<frozen importlib._bootstrap>","lineno":488,"name":"_call_with_frames_removed"},{"filename":"/opt/airflow/dags/sftp-turshilt.py","lineno":21,"name":"<module>"},{"filename":"/home/airflow/.local/lib/python3.12/site-packages/airflow/sdk/bases/operator.py","lineno":485,"name":"apply_defaults"}],"is_group":false,"exceptions":[]}]}
{"timestamp":"2025-07-30T08:49:30.132404","level":"info","event":"Filling up the DagBag from /opt/airflow/dags/sftp-turshilt.py","logger":"airflow.models.dagbag.DagBag"}
{"timestamp":"2025-07-30T08:49:30.483579","level":"error","event":"Failed to import: /opt/airflow/dags/sftp-turshilt.py","logger":"airflow.models.dagbag.DagBag","error_detail":[{"exc_type":"TypeError","exc_value":"missing keyword argument 'remote_filepath'","exc_notes":[],"syntax_error":null,"is_cause":false,"frames":[{"filename":"/home/airflow/.local/lib/python3.12/site-packages/airflow/models/dagbag.py","lineno":394,"name":"parse"},{"filename":"<frozen importlib._bootstrap_external>","lineno":999,"name":"exec_module"},{"filename":"<frozen importlib._bootstrap>","lineno":488,"name":"_call_with_frames_removed"},{"filename":"/opt/airflow/dags/sftp-turshilt.py","lineno":21,"name":"<module>"},{"filename":"/home/airflow/.local/lib/python3.12/site-packages/airflow/sdk/bases/operator.py","lineno":485,"name":"apply_defaults"}],"is_group":false,"exceptions":[]}]}
{"timestamp":"2025-07-30T08:50:01.119674","level":"info","event":"Filling up the DagBag from /opt/airflow/dags/sftp-turshilt.py","logger":"airflow.models.dagbag.DagBag"}
{"timestamp":"2025-07-30T08:50:01.430340","level":"error","event":"Failed to import: /opt/airflow/dags/sftp-turshilt.py","logger":"airflow.models.dagbag.DagBag","error_detail":[{"exc_type":"TypeError","exc_value":"missing keyword argument 'remote_filepath'","exc_notes":[],"syntax_error":null,"is_cause":false,"frames":[{"filename":"/home/airflow/.local/lib/python3.12/site-packages/airflow/models/dagbag.py","lineno":394,"name":"parse"},{"filename":"<frozen importlib._bootstrap_external>","lineno":999,"name":"exec_module"},{"filename":"<frozen importlib._bootstrap>","lineno":488,"name":"_call_with_frames_removed"},{"filename":"/opt/airflow/dags/sftp-turshilt.py","lineno":21,"name":"<module>"},{"filename":"/home/airflow/.local/lib/python3.12/site-packages/airflow/sdk/bases/operator.py","lineno":485,"name":"apply_defaults"}],"is_group":false,"exceptions":[]}]}
{"timestamp":"2025-07-30T08:50:32.642520","level":"info","event":"Filling up the DagBag from /opt/airflow/dags/sftp-turshilt.py","logger":"airflow.models.dagbag.DagBag"}
{"timestamp":"2025-07-30T08:50:33.308305","level":"error","event":"Failed to import: /opt/airflow/dags/sftp-turshilt.py","logger":"airflow.models.dagbag.DagBag","error_detail":[{"exc_type":"TypeError","exc_value":"missing keyword argument 'remote_filepath'","exc_notes":[],"syntax_error":null,"is_cause":false,"frames":[{"filename":"/home/airflow/.local/lib/python3.12/site-packages/airflow/models/dagbag.py","lineno":394,"name":"parse"},{"filename":"<frozen importlib._bootstrap_external>","lineno":999,"name":"exec_module"},{"filename":"<frozen importlib._bootstrap>","lineno":488,"name":"_call_with_frames_removed"},{"filename":"/opt/airflow/dags/sftp-turshilt.py","lineno":21,"name":"<module>"},{"filename":"/home/airflow/.local/lib/python3.12/site-packages/airflow/sdk/bases/operator.py","lineno":485,"name":"apply_defaults"}],"is_group":false,"exceptions":[]}]}
{"timestamp":"2025-07-30T08:51:03.596001","level":"info","event":"Filling up the DagBag from /opt/airflow/dags/sftp-turshilt.py","logger":"airflow.models.dagbag.DagBag"}
{"timestamp":"2025-07-30T08:51:03.881700","level":"error","event":"Failed to import: /opt/airflow/dags/sftp-turshilt.py","logger":"airflow.models.dagbag.DagBag","error_detail":[{"exc_type":"TypeError","exc_value":"missing keyword argument 'remote_filepath'","exc_notes":[],"syntax_error":null,"is_cause":false,"frames":[{"filename":"/home/airflow/.local/lib/python3.12/site-packages/airflow/models/dagbag.py","lineno":394,"name":"parse"},{"filename":"<frozen importlib._bootstrap_external>","lineno":999,"name":"exec_module"},{"filename":"<frozen importlib._bootstrap>","lineno":488,"name":"_call_with_frames_removed"},{"filename":"/opt/airflow/dags/sftp-turshilt.py","lineno":21,"name":"<module>"},{"filename":"/home/airflow/.local/lib/python3.12/site-packages/airflow/sdk/bases/operator.py","lineno":485,"name":"apply_defaults"}],"is_group":false,"exceptions":[]}]}
{"timestamp":"2025-07-30T08:51:34.228944","level":"info","event":"Filling up the DagBag from /opt/airflow/dags/sftp-turshilt.py","logger":"airflow.models.dagbag.DagBag"}
{"timestamp":"2025-07-30T08:51:34.530822","level":"error","event":"Failed to import: /opt/airflow/dags/sftp-turshilt.py","logger":"airflow.models.dagbag.DagBag","error_detail":[{"exc_type":"TypeError","exc_value":"missing keyword argument 'remote_filepath'","exc_notes":[],"syntax_error":null,"is_cause":false,"frames":[{"filename":"/home/airflow/.local/lib/python3.12/site-packages/airflow/models/dagbag.py","lineno":394,"name":"parse"},{"filename":"<frozen importlib._bootstrap_external>","lineno":999,"name":"exec_module"},{"filename":"<frozen importlib._bootstrap>","lineno":488,"name":"_call_with_frames_removed"},{"filename":"/opt/airflow/dags/sftp-turshilt.py","lineno":21,"name":"<module>"},{"filename":"/home/airflow/.local/lib/python3.12/site-packages/airflow/sdk/bases/operator.py","lineno":485,"name":"apply_defaults"}],"is_group":false,"exceptions":[]}]}
{"timestamp":"2025-07-30T08:52:04.771430","level":"info","event":"Filling up the DagBag from /opt/airflow/dags/sftp-turshilt.py","logger":"airflow.models.dagbag.DagBag"}
{"timestamp":"2025-07-30T08:52:05.130975","level":"error","event":"Failed to import: /opt/airflow/dags/sftp-turshilt.py","logger":"airflow.models.dagbag.DagBag","error_detail":[{"exc_type":"TypeError","exc_value":"missing keyword argument 'remote_filepath'","exc_notes":[],"syntax_error":null,"is_cause":false,"frames":[{"filename":"/home/airflow/.local/lib/python3.12/site-packages/airflow/models/dagbag.py","lineno":394,"name":"parse"},{"filename":"<frozen importlib._bootstrap_external>","lineno":999,"name":"exec_module"},{"filename":"<frozen importlib._bootstrap>","lineno":488,"name":"_call_with_frames_removed"},{"filename":"/opt/airflow/dags/sftp-turshilt.py","lineno":21,"name":"<module>"},{"filename":"/home/airflow/.local/lib/python3.12/site-packages/airflow/sdk/bases/operator.py","lineno":485,"name":"apply_defaults"}],"is_group":false,"exceptions":[]}]}
{"timestamp":"2025-07-30T08:52:36.220791","level":"info","event":"Filling up the DagBag from /opt/airflow/dags/sftp-turshilt.py","logger":"airflow.models.dagbag.DagBag"}
{"timestamp":"2025-07-30T08:52:36.549383","level":"error","event":"Failed to import: /opt/airflow/dags/sftp-turshilt.py","logger":"airflow.models.dagbag.DagBag","error_detail":[{"exc_type":"TypeError","exc_value":"missing keyword argument 'remote_filepath'","exc_notes":[],"syntax_error":null,"is_cause":false,"frames":[{"filename":"/home/airflow/.local/lib/python3.12/site-packages/airflow/models/dagbag.py","lineno":394,"name":"parse"},{"filename":"<frozen importlib._bootstrap_external>","lineno":999,"name":"exec_module"},{"filename":"<frozen importlib._bootstrap>","lineno":488,"name":"_call_with_frames_removed"},{"filename":"/opt/airflow/dags/sftp-turshilt.py","lineno":21,"name":"<module>"},{"filename":"/home/airflow/.local/lib/python3.12/site-packages/airflow/sdk/bases/operator.py","lineno":485,"name":"apply_defaults"}],"is_group":false,"exceptions":[]}]}
{"timestamp":"2025-07-30T08:53:07.538584","level":"info","event":"Filling up the DagBag from /opt/airflow/dags/sftp-turshilt.py","logger":"airflow.models.dagbag.DagBag"}
{"timestamp":"2025-07-30T08:53:07.655899","level":"error","event":"Failed to import: /opt/airflow/dags/sftp-turshilt.py","logger":"airflow.models.dagbag.DagBag","error_detail":[{"exc_type":"TypeError","exc_value":"missing keyword argument 'remote_filepath'","exc_notes":[],"syntax_error":null,"is_cause":false,"frames":[{"filename":"/home/airflow/.local/lib/python3.12/site-packages/airflow/models/dagbag.py","lineno":394,"name":"parse"},{"filename":"<frozen importlib._bootstrap_external>","lineno":999,"name":"exec_module"},{"filename":"<frozen importlib._bootstrap>","lineno":488,"name":"_call_with_frames_removed"},{"filename":"/opt/airflow/dags/sftp-turshilt.py","lineno":21,"name":"<module>"},{"filename":"/home/airflow/.local/lib/python3.12/site-packages/airflow/sdk/bases/operator.py","lineno":485,"name":"apply_defaults"}],"is_group":false,"exceptions":[]}]}
{"timestamp":"2025-07-30T08:53:37.811212","level":"info","event":"Filling up the DagBag from /opt/airflow/dags/sftp-turshilt.py","logger":"airflow.models.dagbag.DagBag"}
{"timestamp":"2025-07-30T08:53:37.945308","level":"error","event":"Failed to import: /opt/airflow/dags/sftp-turshilt.py","logger":"airflow.models.dagbag.DagBag","error_detail":[{"exc_type":"TypeError","exc_value":"missing keyword argument 'remote_filepath'","exc_notes":[],"syntax_error":null,"is_cause":false,"frames":[{"filename":"/home/airflow/.local/lib/python3.12/site-packages/airflow/models/dagbag.py","lineno":394,"name":"parse"},{"filename":"<frozen importlib._bootstrap_external>","lineno":999,"name":"exec_module"},{"filename":"<frozen importlib._bootstrap>","lineno":488,"name":"_call_with_frames_removed"},{"filename":"/opt/airflow/dags/sftp-turshilt.py","lineno":21,"name":"<module>"},{"filename":"/home/airflow/.local/lib/python3.12/site-packages/airflow/sdk/bases/operator.py","lineno":485,"name":"apply_defaults"}],"is_group":false,"exceptions":[]}]}
{"timestamp":"2025-07-30T08:54:08.930672","level":"info","event":"Filling up the DagBag from /opt/airflow/dags/sftp-turshilt.py","logger":"airflow.models.dagbag.DagBag"}
{"timestamp":"2025-07-30T08:54:09.131139","level":"error","event":"Failed to import: /opt/airflow/dags/sftp-turshilt.py","logger":"airflow.models.dagbag.DagBag","error_detail":[{"exc_type":"TypeError","exc_value":"missing keyword argument 'remote_filepath'","exc_notes":[],"syntax_error":null,"is_cause":false,"frames":[{"filename":"/home/airflow/.local/lib/python3.12/site-packages/airflow/models/dagbag.py","lineno":394,"name":"parse"},{"filename":"<frozen importlib._bootstrap_external>","lineno":999,"name":"exec_module"},{"filename":"<frozen importlib._bootstrap>","lineno":488,"name":"_call_with_frames_removed"},{"filename":"/opt/airflow/dags/sftp-turshilt.py","lineno":21,"name":"<module>"},{"filename":"/home/airflow/.local/lib/python3.12/site-packages/airflow/sdk/bases/operator.py","lineno":485,"name":"apply_defaults"}],"is_group":false,"exceptions":[]}]}
{"timestamp":"2025-07-30T08:54:39.332384","level":"info","event":"Filling up the DagBag from /opt/airflow/dags/sftp-turshilt.py","logger":"airflow.models.dagbag.DagBag"}
{"timestamp":"2025-07-30T08:54:39.446055","level":"error","event":"Failed to import: /opt/airflow/dags/sftp-turshilt.py","logger":"airflow.models.dagbag.DagBag","error_detail":[{"exc_type":"TypeError","exc_value":"missing keyword argument 'remote_filepath'","exc_notes":[],"syntax_error":null,"is_cause":false,"frames":[{"filename":"/home/airflow/.local/lib/python3.12/site-packages/airflow/models/dagbag.py","lineno":394,"name":"parse"},{"filename":"<frozen importlib._bootstrap_external>","lineno":999,"name":"exec_module"},{"filename":"<frozen importlib._bootstrap>","lineno":488,"name":"_call_with_frames_removed"},{"filename":"/opt/airflow/dags/sftp-turshilt.py","lineno":21,"name":"<module>"},{"filename":"/home/airflow/.local/lib/python3.12/site-packages/airflow/sdk/bases/operator.py","lineno":485,"name":"apply_defaults"}],"is_group":false,"exceptions":[]}]}
{"timestamp":"2025-07-30T08:55:09.564796","level":"info","event":"Filling up the DagBag from /opt/airflow/dags/sftp-turshilt.py","logger":"airflow.models.dagbag.DagBag"}
{"timestamp":"2025-07-30T08:55:09.713359","level":"error","event":"Failed to import: /opt/airflow/dags/sftp-turshilt.py","logger":"airflow.models.dagbag.DagBag","error_detail":[{"exc_type":"TypeError","exc_value":"missing keyword argument 'remote_filepath'","exc_notes":[],"syntax_error":null,"is_cause":false,"frames":[{"filename":"/home/airflow/.local/lib/python3.12/site-packages/airflow/models/dagbag.py","lineno":394,"name":"parse"},{"filename":"<frozen importlib._bootstrap_external>","lineno":999,"name":"exec_module"},{"filename":"<frozen importlib._bootstrap>","lineno":488,"name":"_call_with_frames_removed"},{"filename":"/opt/airflow/dags/sftp-turshilt.py","lineno":21,"name":"<module>"},{"filename":"/home/airflow/.local/lib/python3.12/site-packages/airflow/sdk/bases/operator.py","lineno":485,"name":"apply_defaults"}],"is_group":false,"exceptions":[]}]}
{"timestamp":"2025-07-30T08:55:39.966780","level":"info","event":"Filling up the DagBag from /opt/airflow/dags/sftp-turshilt.py","logger":"airflow.models.dagbag.DagBag"}
{"timestamp":"2025-07-30T08:55:40.105725","level":"error","event":"Failed to import: /opt/airflow/dags/sftp-turshilt.py","logger":"airflow.models.dagbag.DagBag","error_detail":[{"exc_type":"TypeError","exc_value":"missing keyword argument 'remote_filepath'","exc_notes":[],"syntax_error":null,"is_cause":false,"frames":[{"filename":"/home/airflow/.local/lib/python3.12/site-packages/airflow/models/dagbag.py","lineno":394,"name":"parse"},{"filename":"<frozen importlib._bootstrap_external>","lineno":999,"name":"exec_module"},{"filename":"<frozen importlib._bootstrap>","lineno":488,"name":"_call_with_frames_removed"},{"filename":"/opt/airflow/dags/sftp-turshilt.py","lineno":21,"name":"<module>"},{"filename":"/home/airflow/.local/lib/python3.12/site-packages/airflow/sdk/bases/operator.py","lineno":485,"name":"apply_defaults"}],"is_group":false,"exceptions":[]}]}
{"timestamp":"2025-07-30T08:56:10.287613","level":"info","event":"Filling up the DagBag from /opt/airflow/dags/sftp-turshilt.py","logger":"airflow.models.dagbag.DagBag"}
{"timestamp":"2025-07-30T08:56:10.419735","level":"error","event":"Failed to import: /opt/airflow/dags/sftp-turshilt.py","logger":"airflow.models.dagbag.DagBag","error_detail":[{"exc_type":"TypeError","exc_value":"missing keyword argument 'remote_filepath'","exc_notes":[],"syntax_error":null,"is_cause":false,"frames":[{"filename":"/home/airflow/.local/lib/python3.12/site-packages/airflow/models/dagbag.py","lineno":394,"name":"parse"},{"filename":"<frozen importlib._bootstrap_external>","lineno":999,"name":"exec_module"},{"filename":"<frozen importlib._bootstrap>","lineno":488,"name":"_call_with_frames_removed"},{"filename":"/opt/airflow/dags/sftp-turshilt.py","lineno":21,"name":"<module>"},{"filename":"/home/airflow/.local/lib/python3.12/site-packages/airflow/sdk/bases/operator.py","lineno":485,"name":"apply_defaults"}],"is_group":false,"exceptions":[]}]}
{"timestamp":"2025-07-30T08:56:40.595242","level":"info","event":"Filling up the DagBag from /opt/airflow/dags/sftp-turshilt.py","logger":"airflow.models.dagbag.DagBag"}
{"timestamp":"2025-07-30T08:56:40.726291","level":"error","event":"Failed to import: /opt/airflow/dags/sftp-turshilt.py","logger":"airflow.models.dagbag.DagBag","error_detail":[{"exc_type":"TypeError","exc_value":"missing keyword argument 'remote_filepath'","exc_notes":[],"syntax_error":null,"is_cause":false,"frames":[{"filename":"/home/airflow/.local/lib/python3.12/site-packages/airflow/models/dagbag.py","lineno":394,"name":"parse"},{"filename":"<frozen importlib._bootstrap_external>","lineno":999,"name":"exec_module"},{"filename":"<frozen importlib._bootstrap>","lineno":488,"name":"_call_with_frames_removed"},{"filename":"/opt/airflow/dags/sftp-turshilt.py","lineno":21,"name":"<module>"},{"filename":"/home/airflow/.local/lib/python3.12/site-packages/airflow/sdk/bases/operator.py","lineno":485,"name":"apply_defaults"}],"is_group":false,"exceptions":[]}]}
{"timestamp":"2025-07-30T08:57:11.161814","level":"info","event":"Filling up the DagBag from /opt/airflow/dags/sftp-turshilt.py","logger":"airflow.models.dagbag.DagBag"}
{"timestamp":"2025-07-30T08:57:11.276312","level":"error","event":"Failed to import: /opt/airflow/dags/sftp-turshilt.py","logger":"airflow.models.dagbag.DagBag","error_detail":[{"exc_type":"TypeError","exc_value":"missing keyword argument 'remote_filepath'","exc_notes":[],"syntax_error":null,"is_cause":false,"frames":[{"filename":"/home/airflow/.local/lib/python3.12/site-packages/airflow/models/dagbag.py","lineno":394,"name":"parse"},{"filename":"<frozen importlib._bootstrap_external>","lineno":999,"name":"exec_module"},{"filename":"<frozen importlib._bootstrap>","lineno":488,"name":"_call_with_frames_removed"},{"filename":"/opt/airflow/dags/sftp-turshilt.py","lineno":21,"name":"<module>"},{"filename":"/home/airflow/.local/lib/python3.12/site-packages/airflow/sdk/bases/operator.py","lineno":485,"name":"apply_defaults"}],"is_group":false,"exceptions":[]}]}
{"timestamp":"2025-07-30T08:57:41.878712","level":"info","event":"Filling up the DagBag from /opt/airflow/dags/sftp-turshilt.py","logger":"airflow.models.dagbag.DagBag"}
{"timestamp":"2025-07-30T08:57:42.002212","level":"error","event":"Failed to import: /opt/airflow/dags/sftp-turshilt.py","logger":"airflow.models.dagbag.DagBag","error_detail":[{"exc_type":"TypeError","exc_value":"missing keyword argument 'remote_filepath'","exc_notes":[],"syntax_error":null,"is_cause":false,"frames":[{"filename":"/home/airflow/.local/lib/python3.12/site-packages/airflow/models/dagbag.py","lineno":394,"name":"parse"},{"filename":"<frozen importlib._bootstrap_external>","lineno":999,"name":"exec_module"},{"filename":"<frozen importlib._bootstrap>","lineno":488,"name":"_call_with_frames_removed"},{"filename":"/opt/airflow/dags/sftp-turshilt.py","lineno":21,"name":"<module>"},{"filename":"/home/airflow/.local/lib/python3.12/site-packages/airflow/sdk/bases/operator.py","lineno":485,"name":"apply_defaults"}],"is_group":false,"exceptions":[]}]}
{"timestamp":"2025-07-30T08:58:12.831629","level":"info","event":"Filling up the DagBag from /opt/airflow/dags/sftp-turshilt.py","logger":"airflow.models.dagbag.DagBag"}
{"timestamp":"2025-07-30T08:58:12.948872","level":"error","event":"Failed to import: /opt/airflow/dags/sftp-turshilt.py","logger":"airflow.models.dagbag.DagBag","error_detail":[{"exc_type":"TypeError","exc_value":"missing keyword argument 'remote_filepath'","exc_notes":[],"syntax_error":null,"is_cause":false,"frames":[{"filename":"/home/airflow/.local/lib/python3.12/site-packages/airflow/models/dagbag.py","lineno":394,"name":"parse"},{"filename":"<frozen importlib._bootstrap_external>","lineno":999,"name":"exec_module"},{"filename":"<frozen importlib._bootstrap>","lineno":488,"name":"_call_with_frames_removed"},{"filename":"/opt/airflow/dags/sftp-turshilt.py","lineno":21,"name":"<module>"},{"filename":"/home/airflow/.local/lib/python3.12/site-packages/airflow/sdk/bases/operator.py","lineno":485,"name":"apply_defaults"}],"is_group":false,"exceptions":[]}]}
{"timestamp":"2025-07-30T08:58:43.177107","level":"info","event":"Filling up the DagBag from /opt/airflow/dags/sftp-turshilt.py","logger":"airflow.models.dagbag.DagBag"}
{"timestamp":"2025-07-30T08:58:43.320950","level":"error","event":"Failed to import: /opt/airflow/dags/sftp-turshilt.py","logger":"airflow.models.dagbag.DagBag","error_detail":[{"exc_type":"TypeError","exc_value":"missing keyword argument 'remote_filepath'","exc_notes":[],"syntax_error":null,"is_cause":false,"frames":[{"filename":"/home/airflow/.local/lib/python3.12/site-packages/airflow/models/dagbag.py","lineno":394,"name":"parse"},{"filename":"<frozen importlib._bootstrap_external>","lineno":999,"name":"exec_module"},{"filename":"<frozen importlib._bootstrap>","lineno":488,"name":"_call_with_frames_removed"},{"filename":"/opt/airflow/dags/sftp-turshilt.py","lineno":21,"name":"<module>"},{"filename":"/home/airflow/.local/lib/python3.12/site-packages/airflow/sdk/bases/operator.py","lineno":485,"name":"apply_defaults"}],"is_group":false,"exceptions":[]}]}
{"timestamp":"2025-07-30T08:59:13.891279","level":"info","event":"Filling up the DagBag from /opt/airflow/dags/sftp-turshilt.py","logger":"airflow.models.dagbag.DagBag"}
{"timestamp":"2025-07-30T08:59:14.007785","level":"error","event":"Failed to import: /opt/airflow/dags/sftp-turshilt.py","logger":"airflow.models.dagbag.DagBag","error_detail":[{"exc_type":"TypeError","exc_value":"missing keyword argument 'remote_filepath'","exc_notes":[],"syntax_error":null,"is_cause":false,"frames":[{"filename":"/home/airflow/.local/lib/python3.12/site-packages/airflow/models/dagbag.py","lineno":394,"name":"parse"},{"filename":"<frozen importlib._bootstrap_external>","lineno":999,"name":"exec_module"},{"filename":"<frozen importlib._bootstrap>","lineno":488,"name":"_call_with_frames_removed"},{"filename":"/opt/airflow/dags/sftp-turshilt.py","lineno":21,"name":"<module>"},{"filename":"/home/airflow/.local/lib/python3.12/site-packages/airflow/sdk/bases/operator.py","lineno":485,"name":"apply_defaults"}],"is_group":false,"exceptions":[]}]}
{"timestamp":"2025-07-30T08:59:44.250270","level":"info","event":"Filling up the DagBag from /opt/airflow/dags/sftp-turshilt.py","logger":"airflow.models.dagbag.DagBag"}
{"timestamp":"2025-07-30T08:59:44.395140","level":"error","event":"Failed to import: /opt/airflow/dags/sftp-turshilt.py","logger":"airflow.models.dagbag.DagBag","error_detail":[{"exc_type":"TypeError","exc_value":"missing keyword argument 'remote_filepath'","exc_notes":[],"syntax_error":null,"is_cause":false,"frames":[{"filename":"/home/airflow/.local/lib/python3.12/site-packages/airflow/models/dagbag.py","lineno":394,"name":"parse"},{"filename":"<frozen importlib._bootstrap_external>","lineno":999,"name":"exec_module"},{"filename":"<frozen importlib._bootstrap>","lineno":488,"name":"_call_with_frames_removed"},{"filename":"/opt/airflow/dags/sftp-turshilt.py","lineno":21,"name":"<module>"},{"filename":"/home/airflow/.local/lib/python3.12/site-packages/airflow/sdk/bases/operator.py","lineno":485,"name":"apply_defaults"}],"is_group":false,"exceptions":[]}]}
{"timestamp":"2025-07-30T09:00:14.825782","level":"info","event":"Filling up the DagBag from /opt/airflow/dags/sftp-turshilt.py","logger":"airflow.models.dagbag.DagBag"}
{"timestamp":"2025-07-30T09:00:14.990614","level":"error","event":"Failed to import: /opt/airflow/dags/sftp-turshilt.py","logger":"airflow.models.dagbag.DagBag","error_detail":[{"exc_type":"TypeError","exc_value":"missing keyword argument 'remote_filepath'","exc_notes":[],"syntax_error":null,"is_cause":false,"frames":[{"filename":"/home/airflow/.local/lib/python3.12/site-packages/airflow/models/dagbag.py","lineno":394,"name":"parse"},{"filename":"<frozen importlib._bootstrap_external>","lineno":999,"name":"exec_module"},{"filename":"<frozen importlib._bootstrap>","lineno":488,"name":"_call_with_frames_removed"},{"filename":"/opt/airflow/dags/sftp-turshilt.py","lineno":21,"name":"<module>"},{"filename":"/home/airflow/.local/lib/python3.12/site-packages/airflow/sdk/bases/operator.py","lineno":485,"name":"apply_defaults"}],"is_group":false,"exceptions":[]}]}
{"timestamp":"2025-07-30T09:00:45.445265","level":"info","event":"Filling up the DagBag from /opt/airflow/dags/sftp-turshilt.py","logger":"airflow.models.dagbag.DagBag"}
{"timestamp":"2025-07-30T09:00:45.571694","level":"error","event":"Failed to import: /opt/airflow/dags/sftp-turshilt.py","logger":"airflow.models.dagbag.DagBag","error_detail":[{"exc_type":"TypeError","exc_value":"missing keyword argument 'remote_filepath'","exc_notes":[],"syntax_error":null,"is_cause":false,"frames":[{"filename":"/home/airflow/.local/lib/python3.12/site-packages/airflow/models/dagbag.py","lineno":394,"name":"parse"},{"filename":"<frozen importlib._bootstrap_external>","lineno":999,"name":"exec_module"},{"filename":"<frozen importlib._bootstrap>","lineno":488,"name":"_call_with_frames_removed"},{"filename":"/opt/airflow/dags/sftp-turshilt.py","lineno":21,"name":"<module>"},{"filename":"/home/airflow/.local/lib/python3.12/site-packages/airflow/sdk/bases/operator.py","lineno":485,"name":"apply_defaults"}],"is_group":false,"exceptions":[]}]}
{"timestamp":"2025-07-30T09:01:15.766003","level":"info","event":"Filling up the DagBag from /opt/airflow/dags/sftp-turshilt.py","logger":"airflow.models.dagbag.DagBag"}
{"timestamp":"2025-07-30T09:01:15.881995","level":"error","event":"Failed to import: /opt/airflow/dags/sftp-turshilt.py","logger":"airflow.models.dagbag.DagBag","error_detail":[{"exc_type":"TypeError","exc_value":"missing keyword argument 'remote_filepath'","exc_notes":[],"syntax_error":null,"is_cause":false,"frames":[{"filename":"/home/airflow/.local/lib/python3.12/site-packages/airflow/models/dagbag.py","lineno":394,"name":"parse"},{"filename":"<frozen importlib._bootstrap_external>","lineno":999,"name":"exec_module"},{"filename":"<frozen importlib._bootstrap>","lineno":488,"name":"_call_with_frames_removed"},{"filename":"/opt/airflow/dags/sftp-turshilt.py","lineno":21,"name":"<module>"},{"filename":"/home/airflow/.local/lib/python3.12/site-packages/airflow/sdk/bases/operator.py","lineno":485,"name":"apply_defaults"}],"is_group":false,"exceptions":[]}]}
{"timestamp":"2025-07-30T09:01:46.523111","level":"info","event":"Filling up the DagBag from /opt/airflow/dags/sftp-turshilt.py","logger":"airflow.models.dagbag.DagBag"}
{"timestamp":"2025-07-30T09:01:46.651590","level":"error","event":"Failed to import: /opt/airflow/dags/sftp-turshilt.py","logger":"airflow.models.dagbag.DagBag","error_detail":[{"exc_type":"TypeError","exc_value":"missing keyword argument 'remote_filepath'","exc_notes":[],"syntax_error":null,"is_cause":false,"frames":[{"filename":"/home/airflow/.local/lib/python3.12/site-packages/airflow/models/dagbag.py","lineno":394,"name":"parse"},{"filename":"<frozen importlib._bootstrap_external>","lineno":999,"name":"exec_module"},{"filename":"<frozen importlib._bootstrap>","lineno":488,"name":"_call_with_frames_removed"},{"filename":"/opt/airflow/dags/sftp-turshilt.py","lineno":21,"name":"<module>"},{"filename":"/home/airflow/.local/lib/python3.12/site-packages/airflow/sdk/bases/operator.py","lineno":485,"name":"apply_defaults"}],"is_group":false,"exceptions":[]}]}
{"timestamp":"2025-07-30T09:02:16.922160","level":"info","event":"Filling up the DagBag from /opt/airflow/dags/sftp-turshilt.py","logger":"airflow.models.dagbag.DagBag"}
{"timestamp":"2025-07-30T09:02:17.044185","level":"error","event":"Failed to import: /opt/airflow/dags/sftp-turshilt.py","logger":"airflow.models.dagbag.DagBag","error_detail":[{"exc_type":"TypeError","exc_value":"missing keyword argument 'remote_filepath'","exc_notes":[],"syntax_error":null,"is_cause":false,"frames":[{"filename":"/home/airflow/.local/lib/python3.12/site-packages/airflow/models/dagbag.py","lineno":394,"name":"parse"},{"filename":"<frozen importlib._bootstrap_external>","lineno":999,"name":"exec_module"},{"filename":"<frozen importlib._bootstrap>","lineno":488,"name":"_call_with_frames_removed"},{"filename":"/opt/airflow/dags/sftp-turshilt.py","lineno":21,"name":"<module>"},{"filename":"/home/airflow/.local/lib/python3.12/site-packages/airflow/sdk/bases/operator.py","lineno":485,"name":"apply_defaults"}],"is_group":false,"exceptions":[]}]}
{"timestamp":"2025-07-30T09:02:47.608990","level":"info","event":"Filling up the DagBag from /opt/airflow/dags/sftp-turshilt.py","logger":"airflow.models.dagbag.DagBag"}
{"timestamp":"2025-07-30T09:02:47.729753","level":"error","event":"Failed to import: /opt/airflow/dags/sftp-turshilt.py","logger":"airflow.models.dagbag.DagBag","error_detail":[{"exc_type":"TypeError","exc_value":"missing keyword argument 'remote_filepath'","exc_notes":[],"syntax_error":null,"is_cause":false,"frames":[{"filename":"/home/airflow/.local/lib/python3.12/site-packages/airflow/models/dagbag.py","lineno":394,"name":"parse"},{"filename":"<frozen importlib._bootstrap_external>","lineno":999,"name":"exec_module"},{"filename":"<frozen importlib._bootstrap>","lineno":488,"name":"_call_with_frames_removed"},{"filename":"/opt/airflow/dags/sftp-turshilt.py","lineno":21,"name":"<module>"},{"filename":"/home/airflow/.local/lib/python3.12/site-packages/airflow/sdk/bases/operator.py","lineno":485,"name":"apply_defaults"}],"is_group":false,"exceptions":[]}]}
{"timestamp":"2025-07-30T09:03:18.439769","level":"info","event":"Filling up the DagBag from /opt/airflow/dags/sftp-turshilt.py","logger":"airflow.models.dagbag.DagBag"}
{"timestamp":"2025-07-30T09:03:18.563207","level":"error","event":"Failed to import: /opt/airflow/dags/sftp-turshilt.py","logger":"airflow.models.dagbag.DagBag","error_detail":[{"exc_type":"TypeError","exc_value":"missing keyword argument 'remote_filepath'","exc_notes":[],"syntax_error":null,"is_cause":false,"frames":[{"filename":"/home/airflow/.local/lib/python3.12/site-packages/airflow/models/dagbag.py","lineno":394,"name":"parse"},{"filename":"<frozen importlib._bootstrap_external>","lineno":999,"name":"exec_module"},{"filename":"<frozen importlib._bootstrap>","lineno":488,"name":"_call_with_frames_removed"},{"filename":"/opt/airflow/dags/sftp-turshilt.py","lineno":21,"name":"<module>"},{"filename":"/home/airflow/.local/lib/python3.12/site-packages/airflow/sdk/bases/operator.py","lineno":485,"name":"apply_defaults"}],"is_group":false,"exceptions":[]}]}
{"timestamp":"2025-07-30T09:03:49.359960","level":"info","event":"Filling up the DagBag from /opt/airflow/dags/sftp-turshilt.py","logger":"airflow.models.dagbag.DagBag"}
{"timestamp":"2025-07-30T09:03:49.477526","level":"error","event":"Failed to import: /opt/airflow/dags/sftp-turshilt.py","logger":"airflow.models.dagbag.DagBag","error_detail":[{"exc_type":"TypeError","exc_value":"missing keyword argument 'remote_filepath'","exc_notes":[],"syntax_error":null,"is_cause":false,"frames":[{"filename":"/home/airflow/.local/lib/python3.12/site-packages/airflow/models/dagbag.py","lineno":394,"name":"parse"},{"filename":"<frozen importlib._bootstrap_external>","lineno":999,"name":"exec_module"},{"filename":"<frozen importlib._bootstrap>","lineno":488,"name":"_call_with_frames_removed"},{"filename":"/opt/airflow/dags/sftp-turshilt.py","lineno":21,"name":"<module>"},{"filename":"/home/airflow/.local/lib/python3.12/site-packages/airflow/sdk/bases/operator.py","lineno":485,"name":"apply_defaults"}],"is_group":false,"exceptions":[]}]}
{"timestamp":"2025-07-30T09:04:20.185879","level":"info","event":"Filling up the DagBag from /opt/airflow/dags/sftp-turshilt.py","logger":"airflow.models.dagbag.DagBag"}
{"timestamp":"2025-07-30T09:04:20.403218","level":"error","event":"Failed to import: /opt/airflow/dags/sftp-turshilt.py","logger":"airflow.models.dagbag.DagBag","error_detail":[{"exc_type":"TypeError","exc_value":"missing keyword argument 'remote_filepath'","exc_notes":[],"syntax_error":null,"is_cause":false,"frames":[{"filename":"/home/airflow/.local/lib/python3.12/site-packages/airflow/models/dagbag.py","lineno":394,"name":"parse"},{"filename":"<frozen importlib._bootstrap_external>","lineno":999,"name":"exec_module"},{"filename":"<frozen importlib._bootstrap>","lineno":488,"name":"_call_with_frames_removed"},{"filename":"/opt/airflow/dags/sftp-turshilt.py","lineno":21,"name":"<module>"},{"filename":"/home/airflow/.local/lib/python3.12/site-packages/airflow/sdk/bases/operator.py","lineno":485,"name":"apply_defaults"}],"is_group":false,"exceptions":[]}]}
{"timestamp":"2025-07-30T09:04:50.924321","level":"info","event":"Filling up the DagBag from /opt/airflow/dags/sftp-turshilt.py","logger":"airflow.models.dagbag.DagBag"}
{"timestamp":"2025-07-30T09:04:51.092522","level":"error","event":"Failed to import: /opt/airflow/dags/sftp-turshilt.py","logger":"airflow.models.dagbag.DagBag","error_detail":[{"exc_type":"TypeError","exc_value":"missing keyword argument 'remote_filepath'","exc_notes":[],"syntax_error":null,"is_cause":false,"frames":[{"filename":"/home/airflow/.local/lib/python3.12/site-packages/airflow/models/dagbag.py","lineno":394,"name":"parse"},{"filename":"<frozen importlib._bootstrap_external>","lineno":999,"name":"exec_module"},{"filename":"<frozen importlib._bootstrap>","lineno":488,"name":"_call_with_frames_removed"},{"filename":"/opt/airflow/dags/sftp-turshilt.py","lineno":21,"name":"<module>"},{"filename":"/home/airflow/.local/lib/python3.12/site-packages/airflow/sdk/bases/operator.py","lineno":485,"name":"apply_defaults"}],"is_group":false,"exceptions":[]}]}
{"timestamp":"2025-07-30T09:05:21.830409","level":"info","event":"Filling up the DagBag from /opt/airflow/dags/sftp-turshilt.py","logger":"airflow.models.dagbag.DagBag"}
{"timestamp":"2025-07-30T09:05:21.977495","level":"error","event":"Failed to import: /opt/airflow/dags/sftp-turshilt.py","logger":"airflow.models.dagbag.DagBag","error_detail":[{"exc_type":"TypeError","exc_value":"missing keyword argument 'remote_filepath'","exc_notes":[],"syntax_error":null,"is_cause":false,"frames":[{"filename":"/home/airflow/.local/lib/python3.12/site-packages/airflow/models/dagbag.py","lineno":394,"name":"parse"},{"filename":"<frozen importlib._bootstrap_external>","lineno":999,"name":"exec_module"},{"filename":"<frozen importlib._bootstrap>","lineno":488,"name":"_call_with_frames_removed"},{"filename":"/opt/airflow/dags/sftp-turshilt.py","lineno":21,"name":"<module>"},{"filename":"/home/airflow/.local/lib/python3.12/site-packages/airflow/sdk/bases/operator.py","lineno":485,"name":"apply_defaults"}],"is_group":false,"exceptions":[]}]}
{"timestamp":"2025-07-30T09:05:52.115000","level":"info","event":"Filling up the DagBag from /opt/airflow/dags/sftp-turshilt.py","logger":"airflow.models.dagbag.DagBag"}
{"timestamp":"2025-07-30T09:05:52.242912","level":"error","event":"Failed to import: /opt/airflow/dags/sftp-turshilt.py","logger":"airflow.models.dagbag.DagBag","error_detail":[{"exc_type":"TypeError","exc_value":"missing keyword argument 'remote_filepath'","exc_notes":[],"syntax_error":null,"is_cause":false,"frames":[{"filename":"/home/airflow/.local/lib/python3.12/site-packages/airflow/models/dagbag.py","lineno":394,"name":"parse"},{"filename":"<frozen importlib._bootstrap_external>","lineno":999,"name":"exec_module"},{"filename":"<frozen importlib._bootstrap>","lineno":488,"name":"_call_with_frames_removed"},{"filename":"/opt/airflow/dags/sftp-turshilt.py","lineno":21,"name":"<module>"},{"filename":"/home/airflow/.local/lib/python3.12/site-packages/airflow/sdk/bases/operator.py","lineno":485,"name":"apply_defaults"}],"is_group":false,"exceptions":[]}]}
{"timestamp":"2025-07-30T09:06:23.033633","level":"info","event":"Filling up the DagBag from /opt/airflow/dags/sftp-turshilt.py","logger":"airflow.models.dagbag.DagBag"}
{"timestamp":"2025-07-30T09:06:31.096127","level":"info","event":"Filling up the DagBag from /opt/airflow/dags/sftp-turshilt.py","logger":"airflow.models.dagbag.DagBag"}
{"timestamp":"2025-07-30T09:07:01.423226","level":"info","event":"Filling up the DagBag from /opt/airflow/dags/sftp-turshilt.py","logger":"airflow.models.dagbag.DagBag"}
{"timestamp":"2025-07-30T09:07:32.616604","level":"info","event":"Filling up the DagBag from /opt/airflow/dags/sftp-turshilt.py","logger":"airflow.models.dagbag.DagBag"}
{"timestamp":"2025-07-30T09:08:03.121762","level":"info","event":"Filling up the DagBag from /opt/airflow/dags/sftp-turshilt.py","logger":"airflow.models.dagbag.DagBag"}
{"timestamp":"2025-07-30T09:08:33.622792","level":"info","event":"Filling up the DagBag from /opt/airflow/dags/sftp-turshilt.py","logger":"airflow.models.dagbag.DagBag"}
{"timestamp":"2025-07-30T09:09:04.332964","level":"info","event":"Filling up the DagBag from /opt/airflow/dags/sftp-turshilt.py","logger":"airflow.models.dagbag.DagBag"}
{"timestamp":"2025-07-30T09:09:34.689959","level":"info","event":"Filling up the DagBag from /opt/airflow/dags/sftp-turshilt.py","logger":"airflow.models.dagbag.DagBag"}
{"timestamp":"2025-07-30T09:10:05.362160","level":"info","event":"Filling up the DagBag from /opt/airflow/dags/sftp-turshilt.py","logger":"airflow.models.dagbag.DagBag"}
{"timestamp":"2025-07-30T09:10:36.030736","level":"info","event":"Filling up the DagBag from /opt/airflow/dags/sftp-turshilt.py","logger":"airflow.models.dagbag.DagBag"}
{"timestamp":"2025-07-30T09:11:06.835521","level":"info","event":"Filling up the DagBag from /opt/airflow/dags/sftp-turshilt.py","logger":"airflow.models.dagbag.DagBag"}
{"timestamp":"2025-07-30T09:11:38.060913","level":"info","event":"Filling up the DagBag from /opt/airflow/dags/sftp-turshilt.py","logger":"airflow.models.dagbag.DagBag"}
{"timestamp":"2025-07-30T09:12:01.384458","level":"info","event":"Filling up the DagBag from /opt/airflow/dags/sftp-turshilt.py","logger":"airflow.models.dagbag.DagBag"}
{"timestamp":"2025-07-30T09:12:32.586222","level":"info","event":"Filling up the DagBag from /opt/airflow/dags/sftp-turshilt.py","logger":"airflow.models.dagbag.DagBag"}
{"timestamp":"2025-07-30T09:13:02.843838","level":"info","event":"Filling up the DagBag from /opt/airflow/dags/sftp-turshilt.py","logger":"airflow.models.dagbag.DagBag"}
{"timestamp":"2025-07-30T09:13:33.903768","level":"info","event":"Filling up the DagBag from /opt/airflow/dags/sftp-turshilt.py","logger":"airflow.models.dagbag.DagBag"}
{"timestamp":"2025-07-30T09:13:40.478302","level":"info","event":"Filling up the DagBag from /opt/airflow/dags/sftp-turshilt.py","logger":"airflow.models.dagbag.DagBag"}
{"timestamp":"2025-07-30T09:13:40.504406","level":"error","event":"Failed to import: /opt/airflow/dags/sftp-turshilt.py","logger":"airflow.models.dagbag.DagBag","error_detail":[{"exc_type":"SyntaxError","exc_value":"invalid syntax. Perhaps you forgot a comma? (sftp-turshilt.py, line 26)","exc_notes":[],"syntax_error":{"offset":27,"filename":"/opt/airflow/dags/sftp-turshilt.py","line":"        remote_filepath = '/home/sftpuser/upload/data.csv'\n","lineno":26,"msg":"invalid syntax. Perhaps you forgot a comma?"},"is_cause":false,"frames":[{"filename":"/home/airflow/.local/lib/python3.12/site-packages/airflow/models/dagbag.py","lineno":394,"name":"parse"},{"filename":"<frozen importlib._bootstrap_external>","lineno":995,"name":"exec_module"},{"filename":"<frozen importlib._bootstrap_external>","lineno":1133,"name":"get_code"},{"filename":"<frozen importlib._bootstrap_external>","lineno":1063,"name":"source_to_code"},{"filename":"<frozen importlib._bootstrap>","lineno":488,"name":"_call_with_frames_removed"}],"is_group":false,"exceptions":[]}]}
{"timestamp":"2025-07-30T09:14:01.042768","level":"info","event":"Filling up the DagBag from /opt/airflow/dags/sftp-turshilt.py","logger":"airflow.models.dagbag.DagBag"}
{"timestamp":"2025-07-30T09:14:32.226759","level":"info","event":"Filling up the DagBag from /opt/airflow/dags/sftp-turshilt.py","logger":"airflow.models.dagbag.DagBag"}
{"timestamp":"2025-07-30T09:14:38.708995","level":"info","event":"Filling up the DagBag from /opt/airflow/dags/sftp-turshilt.py","logger":"airflow.models.dagbag.DagBag"}
{"timestamp":"2025-07-30T09:14:48.371390","level":"info","event":"Filling up the DagBag from /opt/airflow/dags/sftp-turshilt.py","logger":"airflow.models.dagbag.DagBag"}
{"timestamp":"2025-07-30T09:15:19.074038","level":"info","event":"Filling up the DagBag from /opt/airflow/dags/sftp-turshilt.py","logger":"airflow.models.dagbag.DagBag"}
{"timestamp":"2025-07-30T09:15:49.395139","level":"info","event":"Filling up the DagBag from /opt/airflow/dags/sftp-turshilt.py","logger":"airflow.models.dagbag.DagBag"}
{"timestamp":"2025-07-30T09:15:53.079640","level":"info","event":"Filling up the DagBag from /opt/airflow/dags/sftp-turshilt.py","logger":"airflow.models.dagbag.DagBag"}
{"timestamp":"2025-07-30T09:16:14.232334","level":"info","event":"Filling up the DagBag from /opt/airflow/dags/sftp-turshilt.py","logger":"airflow.models.dagbag.DagBag"}
{"timestamp":"2025-07-30T09:16:28.332612","level":"info","event":"Filling up the DagBag from /opt/airflow/dags/sftp-turshilt.py","logger":"airflow.models.dagbag.DagBag"}
{"timestamp":"2025-07-30T09:16:59.177395","level":"info","event":"Filling up the DagBag from /opt/airflow/dags/sftp-turshilt.py","logger":"airflow.models.dagbag.DagBag"}
{"timestamp":"2025-07-30T09:17:29.599843","level":"info","event":"Filling up the DagBag from /opt/airflow/dags/sftp-turshilt.py","logger":"airflow.models.dagbag.DagBag"}
{"timestamp":"2025-07-30T09:18:00.417732","level":"info","event":"Filling up the DagBag from /opt/airflow/dags/sftp-turshilt.py","logger":"airflow.models.dagbag.DagBag"}
{"timestamp":"2025-07-30T09:18:31.258949","level":"info","event":"Filling up the DagBag from /opt/airflow/dags/sftp-turshilt.py","logger":"airflow.models.dagbag.DagBag"}
{"timestamp":"2025-07-30T09:19:02.051981","level":"info","event":"Filling up the DagBag from /opt/airflow/dags/sftp-turshilt.py","logger":"airflow.models.dagbag.DagBag"}
{"timestamp":"2025-07-30T09:19:32.370132","level":"info","event":"Filling up the DagBag from /opt/airflow/dags/sftp-turshilt.py","logger":"airflow.models.dagbag.DagBag"}
{"timestamp":"2025-07-30T09:20:03.372364","level":"info","event":"Filling up the DagBag from /opt/airflow/dags/sftp-turshilt.py","logger":"airflow.models.dagbag.DagBag"}
{"timestamp":"2025-07-30T09:20:33.651232","level":"info","event":"Filling up the DagBag from /opt/airflow/dags/sftp-turshilt.py","logger":"airflow.models.dagbag.DagBag"}
{"timestamp":"2025-07-30T09:21:04.387262","level":"info","event":"Filling up the DagBag from /opt/airflow/dags/sftp-turshilt.py","logger":"airflow.models.dagbag.DagBag"}
{"timestamp":"2025-07-30T09:21:35.229782","level":"info","event":"Filling up the DagBag from /opt/airflow/dags/sftp-turshilt.py","logger":"airflow.models.dagbag.DagBag"}
{"timestamp":"2025-07-30T09:22:06.019650","level":"info","event":"Filling up the DagBag from /opt/airflow/dags/sftp-turshilt.py","logger":"airflow.models.dagbag.DagBag"}
{"timestamp":"2025-07-30T09:22:36.832745","level":"info","event":"Filling up the DagBag from /opt/airflow/dags/sftp-turshilt.py","logger":"airflow.models.dagbag.DagBag"}
{"timestamp":"2025-07-30T09:23:07.715228","level":"info","event":"Filling up the DagBag from /opt/airflow/dags/sftp-turshilt.py","logger":"airflow.models.dagbag.DagBag"}
{"timestamp":"2025-07-30T09:23:38.626207","level":"info","event":"Filling up the DagBag from /opt/airflow/dags/sftp-turshilt.py","logger":"airflow.models.dagbag.DagBag"}
{"timestamp":"2025-07-30T09:24:09.421656","level":"info","event":"Filling up the DagBag from /opt/airflow/dags/sftp-turshilt.py","logger":"airflow.models.dagbag.DagBag"}
{"timestamp":"2025-07-30T09:24:39.647531","level":"info","event":"Filling up the DagBag from /opt/airflow/dags/sftp-turshilt.py","logger":"airflow.models.dagbag.DagBag"}
{"timestamp":"2025-07-30T09:25:10.384305","level":"info","event":"Filling up the DagBag from /opt/airflow/dags/sftp-turshilt.py","logger":"airflow.models.dagbag.DagBag"}
{"timestamp":"2025-07-30T09:25:41.042467","level":"info","event":"Filling up the DagBag from /opt/airflow/dags/sftp-turshilt.py","logger":"airflow.models.dagbag.DagBag"}
{"timestamp":"2025-07-30T09:26:11.712172","level":"info","event":"Filling up the DagBag from /opt/airflow/dags/sftp-turshilt.py","logger":"airflow.models.dagbag.DagBag"}
{"timestamp":"2025-07-30T09:26:42.024645","level":"info","event":"Filling up the DagBag from /opt/airflow/dags/sftp-turshilt.py","logger":"airflow.models.dagbag.DagBag"}
{"timestamp":"2025-07-30T09:27:12.277267","level":"info","event":"Filling up the DagBag from /opt/airflow/dags/sftp-turshilt.py","logger":"airflow.models.dagbag.DagBag"}
{"timestamp":"2025-07-30T09:27:43.055613","level":"info","event":"Filling up the DagBag from /opt/airflow/dags/sftp-turshilt.py","logger":"airflow.models.dagbag.DagBag"}
{"timestamp":"2025-07-30T09:28:13.881550","level":"info","event":"Filling up the DagBag from /opt/airflow/dags/sftp-turshilt.py","logger":"airflow.models.dagbag.DagBag"}
{"timestamp":"2025-07-30T09:28:44.871024","level":"info","event":"Filling up the DagBag from /opt/airflow/dags/sftp-turshilt.py","logger":"airflow.models.dagbag.DagBag"}
{"timestamp":"2025-07-30T09:29:15.947062","level":"info","event":"Filling up the DagBag from /opt/airflow/dags/sftp-turshilt.py","logger":"airflow.models.dagbag.DagBag"}
{"timestamp":"2025-07-30T09:29:46.375464","level":"info","event":"Filling up the DagBag from /opt/airflow/dags/sftp-turshilt.py","logger":"airflow.models.dagbag.DagBag"}
{"timestamp":"2025-07-30T09:30:17.252351","level":"info","event":"Filling up the DagBag from /opt/airflow/dags/sftp-turshilt.py","logger":"airflow.models.dagbag.DagBag"}
{"timestamp":"2025-07-30T09:30:48.281161","level":"info","event":"Filling up the DagBag from /opt/airflow/dags/sftp-turshilt.py","logger":"airflow.models.dagbag.DagBag"}
{"timestamp":"2025-07-30T09:31:19.038882","level":"info","event":"Filling up the DagBag from /opt/airflow/dags/sftp-turshilt.py","logger":"airflow.models.dagbag.DagBag"}
{"timestamp":"2025-07-30T09:31:49.332250","level":"info","event":"Filling up the DagBag from /opt/airflow/dags/sftp-turshilt.py","logger":"airflow.models.dagbag.DagBag"}
{"timestamp":"2025-07-30T09:32:20.370871","level":"info","event":"Filling up the DagBag from /opt/airflow/dags/sftp-turshilt.py","logger":"airflow.models.dagbag.DagBag"}
{"timestamp":"2025-07-30T09:32:51.106187","level":"info","event":"Filling up the DagBag from /opt/airflow/dags/sftp-turshilt.py","logger":"airflow.models.dagbag.DagBag"}
{"timestamp":"2025-07-30T09:33:21.960609","level":"info","event":"Filling up the DagBag from /opt/airflow/dags/sftp-turshilt.py","logger":"airflow.models.dagbag.DagBag"}
{"timestamp":"2025-07-30T09:33:52.954787","level":"info","event":"Filling up the DagBag from /opt/airflow/dags/sftp-turshilt.py","logger":"airflow.models.dagbag.DagBag"}
{"timestamp":"2025-07-30T09:34:23.543654","level":"info","event":"Filling up the DagBag from /opt/airflow/dags/sftp-turshilt.py","logger":"airflow.models.dagbag.DagBag"}
{"timestamp":"2025-07-30T09:34:54.702178","level":"info","event":"Filling up the DagBag from /opt/airflow/dags/sftp-turshilt.py","logger":"airflow.models.dagbag.DagBag"}
{"timestamp":"2025-07-30T09:35:25.591745","level":"info","event":"Filling up the DagBag from /opt/airflow/dags/sftp-turshilt.py","logger":"airflow.models.dagbag.DagBag"}
{"timestamp":"2025-07-30T09:35:56.897166","level":"info","event":"Filling up the DagBag from /opt/airflow/dags/sftp-turshilt.py","logger":"airflow.models.dagbag.DagBag"}
{"timestamp":"2025-07-30T09:36:27.831940","level":"info","event":"Filling up the DagBag from /opt/airflow/dags/sftp-turshilt.py","logger":"airflow.models.dagbag.DagBag"}
{"timestamp":"2025-07-30T09:36:59.179535","level":"info","event":"Filling up the DagBag from /opt/airflow/dags/sftp-turshilt.py","logger":"airflow.models.dagbag.DagBag"}
{"timestamp":"2025-07-30T09:37:29.941652","level":"info","event":"Filling up the DagBag from /opt/airflow/dags/sftp-turshilt.py","logger":"airflow.models.dagbag.DagBag"}
{"timestamp":"2025-07-30T09:38:00.497668","level":"info","event":"Filling up the DagBag from /opt/airflow/dags/sftp-turshilt.py","logger":"airflow.models.dagbag.DagBag"}
{"timestamp":"2025-07-30T09:38:31.051147","level":"info","event":"Filling up the DagBag from /opt/airflow/dags/sftp-turshilt.py","logger":"airflow.models.dagbag.DagBag"}
{"timestamp":"2025-07-30T09:38:48.701857","level":"info","event":"Filling up the DagBag from /opt/airflow/dags/sftp-turshilt.py","logger":"airflow.models.dagbag.DagBag"}
{"timestamp":"2025-07-30T09:38:54.312025","level":"info","event":"Filling up the DagBag from /opt/airflow/dags/sftp-turshilt.py","logger":"airflow.models.dagbag.DagBag"}
{"timestamp":"2025-07-30T09:39:25.188014","level":"info","event":"Filling up the DagBag from /opt/airflow/dags/sftp-turshilt.py","logger":"airflow.models.dagbag.DagBag"}
{"timestamp":"2025-07-30T09:39:56.122008","level":"info","event":"Filling up the DagBag from /opt/airflow/dags/sftp-turshilt.py","logger":"airflow.models.dagbag.DagBag"}
{"timestamp":"2025-07-30T09:40:27.238155","level":"info","event":"Filling up the DagBag from /opt/airflow/dags/sftp-turshilt.py","logger":"airflow.models.dagbag.DagBag"}
{"timestamp":"2025-07-30T09:40:57.681906","level":"info","event":"Filling up the DagBag from /opt/airflow/dags/sftp-turshilt.py","logger":"airflow.models.dagbag.DagBag"}
{"timestamp":"2025-07-30T09:41:29.077456","level":"info","event":"Filling up the DagBag from /opt/airflow/dags/sftp-turshilt.py","logger":"airflow.models.dagbag.DagBag"}
{"timestamp":"2025-07-30T09:41:59.664381","level":"info","event":"Filling up the DagBag from /opt/airflow/dags/sftp-turshilt.py","logger":"airflow.models.dagbag.DagBag"}
{"timestamp":"2025-07-30T09:42:30.316743","level":"info","event":"Filling up the DagBag from /opt/airflow/dags/sftp-turshilt.py","logger":"airflow.models.dagbag.DagBag"}
{"timestamp":"2025-07-30T09:43:01.388064","level":"info","event":"Filling up the DagBag from /opt/airflow/dags/sftp-turshilt.py","logger":"airflow.models.dagbag.DagBag"}
{"timestamp":"2025-07-30T09:43:32.305004","level":"info","event":"Filling up the DagBag from /opt/airflow/dags/sftp-turshilt.py","logger":"airflow.models.dagbag.DagBag"}
{"timestamp":"2025-07-30T09:44:03.078877","level":"info","event":"Filling up the DagBag from /opt/airflow/dags/sftp-turshilt.py","logger":"airflow.models.dagbag.DagBag"}
{"timestamp":"2025-07-30T09:44:33.356269","level":"info","event":"Filling up the DagBag from /opt/airflow/dags/sftp-turshilt.py","logger":"airflow.models.dagbag.DagBag"}
{"timestamp":"2025-07-30T09:45:03.636933","level":"info","event":"Filling up the DagBag from /opt/airflow/dags/sftp-turshilt.py","logger":"airflow.models.dagbag.DagBag"}
{"timestamp":"2025-07-30T09:45:34.080797","level":"info","event":"Filling up the DagBag from /opt/airflow/dags/sftp-turshilt.py","logger":"airflow.models.dagbag.DagBag"}
{"timestamp":"2025-07-30T09:46:04.810890","level":"info","event":"Filling up the DagBag from /opt/airflow/dags/sftp-turshilt.py","logger":"airflow.models.dagbag.DagBag"}
{"timestamp":"2025-07-30T09:46:35.139452","level":"info","event":"Filling up the DagBag from /opt/airflow/dags/sftp-turshilt.py","logger":"airflow.models.dagbag.DagBag"}
{"timestamp":"2025-07-30T09:47:05.523972","level":"info","event":"Filling up the DagBag from /opt/airflow/dags/sftp-turshilt.py","logger":"airflow.models.dagbag.DagBag"}
{"timestamp":"2025-07-30T09:47:36.123529","level":"info","event":"Filling up the DagBag from /opt/airflow/dags/sftp-turshilt.py","logger":"airflow.models.dagbag.DagBag"}
{"timestamp":"2025-07-30T09:48:06.756944","level":"info","event":"Filling up the DagBag from /opt/airflow/dags/sftp-turshilt.py","logger":"airflow.models.dagbag.DagBag"}
{"timestamp":"2025-07-30T09:48:37.205398","level":"info","event":"Filling up the DagBag from /opt/airflow/dags/sftp-turshilt.py","logger":"airflow.models.dagbag.DagBag"}
{"timestamp":"2025-07-30T09:49:07.447917","level":"info","event":"Filling up the DagBag from /opt/airflow/dags/sftp-turshilt.py","logger":"airflow.models.dagbag.DagBag"}
{"timestamp":"2025-07-30T09:49:38.668587","level":"info","event":"Filling up the DagBag from /opt/airflow/dags/sftp-turshilt.py","logger":"airflow.models.dagbag.DagBag"}
{"timestamp":"2025-07-30T09:50:08.944625","level":"info","event":"Filling up the DagBag from /opt/airflow/dags/sftp-turshilt.py","logger":"airflow.models.dagbag.DagBag"}
{"timestamp":"2025-07-30T09:50:39.440752","level":"info","event":"Filling up the DagBag from /opt/airflow/dags/sftp-turshilt.py","logger":"airflow.models.dagbag.DagBag"}
{"timestamp":"2025-07-30T09:51:09.745752","level":"info","event":"Filling up the DagBag from /opt/airflow/dags/sftp-turshilt.py","logger":"airflow.models.dagbag.DagBag"}
{"timestamp":"2025-07-30T09:51:40.262437","level":"info","event":"Filling up the DagBag from /opt/airflow/dags/sftp-turshilt.py","logger":"airflow.models.dagbag.DagBag"}
{"timestamp":"2025-07-30T09:52:11.257362","level":"info","event":"Filling up the DagBag from /opt/airflow/dags/sftp-turshilt.py","logger":"airflow.models.dagbag.DagBag"}
{"timestamp":"2025-07-30T09:52:42.220844","level":"info","event":"Filling up the DagBag from /opt/airflow/dags/sftp-turshilt.py","logger":"airflow.models.dagbag.DagBag"}
{"timestamp":"2025-07-30T09:53:14.577099","level":"info","event":"Filling up the DagBag from /opt/airflow/dags/sftp-turshilt.py","logger":"airflow.models.dagbag.DagBag"}
{"timestamp":"2025-07-30T09:53:46.077384","level":"info","event":"Filling up the DagBag from /opt/airflow/dags/sftp-turshilt.py","logger":"airflow.models.dagbag.DagBag"}
{"timestamp":"2025-07-30T09:54:17.401400","level":"info","event":"Filling up the DagBag from /opt/airflow/dags/sftp-turshilt.py","logger":"airflow.models.dagbag.DagBag"}
{"timestamp":"2025-07-30T09:54:47.949049","level":"info","event":"Filling up the DagBag from /opt/airflow/dags/sftp-turshilt.py","logger":"airflow.models.dagbag.DagBag"}
{"timestamp":"2025-07-30T09:55:18.706561","level":"info","event":"Filling up the DagBag from /opt/airflow/dags/sftp-turshilt.py","logger":"airflow.models.dagbag.DagBag"}
{"timestamp":"2025-07-30T09:55:49.436033","level":"info","event":"Filling up the DagBag from /opt/airflow/dags/sftp-turshilt.py","logger":"airflow.models.dagbag.DagBag"}
{"timestamp":"2025-07-30T09:56:20.145566","level":"info","event":"Filling up the DagBag from /opt/airflow/dags/sftp-turshilt.py","logger":"airflow.models.dagbag.DagBag"}
{"timestamp":"2025-07-30T09:56:50.735966","level":"info","event":"Filling up the DagBag from /opt/airflow/dags/sftp-turshilt.py","logger":"airflow.models.dagbag.DagBag"}
