{"timestamp":"2025-07-30T09:14:07.114489","level":"info","event":"DAG bundles loaded: dags-folder","logger":"airflow.dag_processing.bundles.manager.DagBundlesManager"}
{"timestamp":"2025-07-30T09:14:07.115129","level":"info","event":"Filling up the DagBag from /opt/airflow/dags/sftp-turshilt.py","logger":"airflow.models.dagbag.DagBag"}
{"timestamp":"2025-07-30T09:14:07.311694","level":"info","event":"sftp_hook not provided or invalid. Trying ssh_conn_id to create SFTPHook.","logger":"airflow.task.operators.airflow.providers.sftp.operators.sftp.SFTPOperator"}
{"timestamp":"2025-07-30T09:14:07.327046","level":"info","event":"Connection Retrieved 'sftp_conn'","logger":"airflow.hooks.base"}
{"timestamp":"2025-07-30T09:14:07.327776","level":"warning","event":"No Host Key Verification. This won't protect against Man-In-The-Middle attacks","logger":"airflow.task.hooks.airflow.providers.sftp.hooks.sftp.SFTPHook"}
{"timestamp":"2025-07-30T09:14:07.340757","level":"info","event":"Connected (version 2.0, client OpenSSH_8.4p1)","logger":"paramiko.transport"}
{"timestamp":"2025-07-30T09:14:07.430096","level":"info","event":"Authentication (password) successful!","logger":"paramiko.transport"}
{"timestamp":"2025-07-30T09:14:08.036847","level":"info","event":"[chan 0] Opened sftp connection (server version 3)","logger":"paramiko.transport.sftp"}
{"timestamp":"2025-07-30T09:14:08.037635","level":"info","event":"[chan 0] sftp session closed.","logger":"paramiko.transport.sftp"}
{"timestamp":"2025-07-30T09:14:08.038068","level":"warning","event":"No Host Key Verification. This won't protect against Man-In-The-Middle attacks","logger":"airflow.task.hooks.airflow.providers.sftp.hooks.sftp.SFTPHook"}
{"timestamp":"2025-07-30T09:14:08.049015","level":"info","event":"Connected (version 2.0, client OpenSSH_8.4p1)","logger":"paramiko.transport"}
{"timestamp":"2025-07-30T09:14:08.139978","level":"info","event":"Authentication (password) successful!","logger":"paramiko.transport"}
{"timestamp":"2025-07-30T09:14:08.770133","level":"info","event":"[chan 0] Opened sftp connection (server version 3)","logger":"paramiko.transport.sftp"}
{"timestamp":"2025-07-30T09:14:08.771030","level":"info","event":"[chan 0] sftp session closed.","logger":"paramiko.transport.sftp"}
{"timestamp":"2025-07-30T09:14:08.771440","level":"warning","event":"No Host Key Verification. This won't protect against Man-In-The-Middle attacks","logger":"airflow.task.hooks.airflow.providers.sftp.hooks.sftp.SFTPHook"}
{"timestamp":"2025-07-30T09:14:08.780696","level":"info","event":"Connected (version 2.0, client OpenSSH_8.4p1)","logger":"paramiko.transport"}
{"timestamp":"2025-07-30T09:14:08.869921","level":"info","event":"Authentication (password) successful!","logger":"paramiko.transport"}
{"timestamp":"2025-07-30T09:14:09.477855","level":"info","event":"[chan 0] Opened sftp connection (server version 3)","logger":"paramiko.transport.sftp"}
{"timestamp":"2025-07-30T09:14:09.478600","level":"info","event":"[chan 0] sftp session closed.","logger":"paramiko.transport.sftp"}
{"timestamp":"2025-07-30T09:14:09.479010","level":"warning","event":"No Host Key Verification. This won't protect against Man-In-The-Middle attacks","logger":"airflow.task.hooks.airflow.providers.sftp.hooks.sftp.SFTPHook"}
{"timestamp":"2025-07-30T09:14:09.488154","level":"info","event":"Connected (version 2.0, client OpenSSH_8.4p1)","logger":"paramiko.transport"}
{"timestamp":"2025-07-30T09:14:09.580429","level":"info","event":"Authentication (password) successful!","logger":"paramiko.transport"}
{"timestamp":"2025-07-30T09:14:10.233658","level":"info","event":"[chan 0] Opened sftp connection (server version 3)","logger":"paramiko.transport.sftp"}
{"timestamp":"2025-07-30T09:14:10.234401","level":"info","event":"[chan 0] sftp session closed.","logger":"paramiko.transport.sftp"}
{"timestamp":"2025-07-30T09:14:10.234813","level":"warning","event":"No Host Key Verification. This won't protect against Man-In-The-Middle attacks","logger":"airflow.task.hooks.airflow.providers.sftp.hooks.sftp.SFTPHook"}
{"timestamp":"2025-07-30T09:14:10.244331","level":"info","event":"Connected (version 2.0, client OpenSSH_8.4p1)","logger":"paramiko.transport"}
{"timestamp":"2025-07-30T09:14:10.330144","level":"info","event":"Authentication (password) successful!","logger":"paramiko.transport"}
{"timestamp":"2025-07-30T09:14:10.944919","level":"info","event":"[chan 0] Opened sftp connection (server version 3)","logger":"paramiko.transport.sftp"}
{"timestamp":"2025-07-30T09:14:10.945682","level":"info","event":"[chan 0] sftp session closed.","logger":"paramiko.transport.sftp"}
{"timestamp":"2025-07-30T09:14:10.946043","level":"warning","event":"No Host Key Verification. This won't protect against Man-In-The-Middle attacks","logger":"airflow.task.hooks.airflow.providers.sftp.hooks.sftp.SFTPHook"}
{"timestamp":"2025-07-30T09:14:10.955272","level":"info","event":"Connected (version 2.0, client OpenSSH_8.4p1)","logger":"paramiko.transport"}
{"timestamp":"2025-07-30T09:14:11.049839","level":"info","event":"Authentication (password) successful!","logger":"paramiko.transport"}
{"timestamp":"2025-07-30T09:14:11.610765","level":"info","event":"[chan 0] Opened sftp connection (server version 3)","logger":"paramiko.transport.sftp"}
{"timestamp":"2025-07-30T09:14:11.611491","level":"info","event":"[chan 0] sftp session closed.","logger":"paramiko.transport.sftp"}
{"timestamp":"2025-07-30T09:14:11.611886","level":"warning","event":"No Host Key Verification. This won't protect against Man-In-The-Middle attacks","logger":"airflow.task.hooks.airflow.providers.sftp.hooks.sftp.SFTPHook"}
{"timestamp":"2025-07-30T09:14:11.620249","level":"info","event":"Connected (version 2.0, client OpenSSH_8.4p1)","logger":"paramiko.transport"}
{"timestamp":"2025-07-30T09:14:11.710151","level":"info","event":"Authentication (password) successful!","logger":"paramiko.transport"}
{"timestamp":"2025-07-30T09:14:12.270279","level":"info","event":"[chan 0] Opened sftp connection (server version 3)","logger":"paramiko.transport.sftp"}
{"timestamp":"2025-07-30T09:14:12.271005","level":"info","event":"[chan 0] sftp session closed.","logger":"paramiko.transport.sftp"}
{"timestamp":"2025-07-30T09:14:12.271353","level":"warning","event":"No Host Key Verification. This won't protect against Man-In-The-Middle attacks","logger":"airflow.task.hooks.airflow.providers.sftp.hooks.sftp.SFTPHook"}
{"timestamp":"2025-07-30T09:14:12.279758","level":"info","event":"Connected (version 2.0, client OpenSSH_8.4p1)","logger":"paramiko.transport"}
{"timestamp":"2025-07-30T09:14:12.369742","level":"info","event":"Authentication (password) successful!","logger":"paramiko.transport"}
{"timestamp":"2025-07-30T09:14:12.935314","level":"info","event":"[chan 0] Opened sftp connection (server version 3)","logger":"paramiko.transport.sftp"}
{"timestamp":"2025-07-30T09:14:12.936058","level":"info","event":"[chan 0] sftp session closed.","logger":"paramiko.transport.sftp"}
{"timestamp":"2025-07-30T09:14:12.936457","level":"warning","event":"No Host Key Verification. This won't protect against Man-In-The-Middle attacks","logger":"airflow.task.hooks.airflow.providers.sftp.hooks.sftp.SFTPHook"}
{"timestamp":"2025-07-30T09:14:12.946512","level":"info","event":"Connected (version 2.0, client OpenSSH_8.4p1)","logger":"paramiko.transport"}
{"timestamp":"2025-07-30T09:14:13.029827","level":"info","event":"Authentication (password) successful!","logger":"paramiko.transport"}
{"timestamp":"2025-07-30T09:14:13.608854","level":"info","event":"[chan 0] Opened sftp connection (server version 3)","logger":"paramiko.transport.sftp"}
{"timestamp":"2025-07-30T09:14:13.609862","level":"info","event":"[chan 0] sftp session closed.","logger":"paramiko.transport.sftp"}
{"timestamp":"2025-07-30T09:14:13.610491","level":"info","event":"Creating /home","logger":"airflow.task.hooks.airflow.providers.sftp.hooks.sftp.SFTPHook"}
{"timestamp":"2025-07-30T09:14:13.610678","level":"warning","event":"No Host Key Verification. This won't protect against Man-In-The-Middle attacks","logger":"airflow.task.hooks.airflow.providers.sftp.hooks.sftp.SFTPHook"}
{"timestamp":"2025-07-30T09:14:13.623263","level":"info","event":"Connected (version 2.0, client OpenSSH_8.4p1)","logger":"paramiko.transport"}
{"timestamp":"2025-07-30T09:14:13.719892","level":"info","event":"Authentication (password) successful!","logger":"paramiko.transport"}
{"timestamp":"2025-07-30T09:14:14.277679","level":"info","event":"[chan 0] Opened sftp connection (server version 3)","logger":"paramiko.transport.sftp"}
{"timestamp":"2025-07-30T09:14:14.278428","level":"info","event":"[chan 0] sftp session closed.","logger":"paramiko.transport.sftp"}
{"timestamp":"2025-07-30T09:14:14.278848","level":"error","event":"Task failed with exception","logger":"task","error_detail":[{"exc_type":"AirflowException","exc_value":"Error while processing PUT operation None, error: [Errno 13] Permission denied","exc_notes":[],"syntax_error":null,"is_cause":false,"frames":[{"filename":"/home/airflow/.local/lib/python3.12/site-packages/airflow/sdk/execution_time/task_runner.py","lineno":877,"name":"run"},{"filename":"/home/airflow/.local/lib/python3.12/site-packages/airflow/sdk/execution_time/task_runner.py","lineno":1164,"name":"_execute_task"},{"filename":"/home/airflow/.local/lib/python3.12/site-packages/airflow/sdk/bases/operator.py","lineno":397,"name":"wrapper"},{"filename":"/home/airflow/.local/lib/python3.12/site-packages/airflow/providers/sftp/operators/sftp.py","lineno":211,"name":"execute"}],"is_group":false,"exceptions":[]},{"exc_type":"PermissionError","exc_value":"[Errno 13] Permission denied","exc_notes":[],"syntax_error":null,"is_cause":false,"frames":[{"filename":"/home/airflow/.local/lib/python3.12/site-packages/airflow/providers/sftp/operators/sftp.py","lineno":184,"name":"execute"},{"filename":"/home/airflow/.local/lib/python3.12/site-packages/airflow/providers/sftp/hooks/sftp.py","lineno":257,"name":"create_directory"},{"filename":"/home/airflow/.local/lib/python3.12/site-packages/airflow/providers/sftp/hooks/sftp.py","lineno":257,"name":"create_directory"},{"filename":"/home/airflow/.local/lib/python3.12/site-packages/airflow/providers/sftp/hooks/sftp.py","lineno":261,"name":"create_directory"},{"filename":"/home/airflow/.local/lib/python3.12/site-packages/paramiko/sftp_client.py","lineno":460,"name":"mkdir"},{"filename":"/home/airflow/.local/lib/python3.12/site-packages/paramiko/sftp_client.py","lineno":857,"name":"_request"},{"filename":"/home/airflow/.local/lib/python3.12/site-packages/paramiko/sftp_client.py","lineno":909,"name":"_read_response"},{"filename":"/home/airflow/.local/lib/python3.12/site-packages/paramiko/sftp_client.py","lineno":940,"name":"_convert_status"}],"is_group":false,"exceptions":[]}]}
