{"timestamp":"2025-07-31T03:37:29.601346","level":"info","event":"DAG bundles loaded: dags-folder","logger":"airflow.dag_processing.bundles.manager.DagBundlesManager"}
{"timestamp":"2025-07-31T03:37:29.601914","level":"info","event":"Filling up the DagBag from /opt/airflow/dags/SFTP-dag.py","logger":"airflow.models.dagbag.DagBag"}
{"timestamp":"2025-07-31T03:37:29.781086","level":"info","event":"Fetching file list from SFTP","logger":"root"}
{"timestamp":"2025-07-31T03:37:29.798363","level":"info","event":"Connection Retrieved 'sftp_conn'","logger":"airflow.hooks.base"}
{"timestamp":"2025-07-31T03:37:29.806960","level":"info","event":"Connection Retrieved 'dest_postgres'","logger":"airflow.hooks.base"}
{"timestamp":"2025-07-31T03:37:29.811443","level":"info","event":"Running statement: \n    CREATE TABLE IF NOT EXISTS file_metadata (\n        id SERIAL PRIMARY KEY,\n        filename TEXT UNIQUE NOT NULL,\n        inserted_at TIMESTAMP DEFAULT CURRENT_TIMESTAMP\n    );\n    , parameters: None","logger":"airflow.task.hooks.airflow.providers.postgres.hooks.postgres.PostgresHook"}
{"timestamp":"2025-07-31T03:37:29.812361","level":"warning","event":"No Host Key Verification. This won't protect against Man-In-The-Middle attacks","logger":"airflow.task.hooks.airflow.providers.sftp.hooks.sftp.SFTPHook"}
{"timestamp":"2025-07-31T03:37:29.821937","level":"info","event":"Connected (version 2.0, client OpenSSH_8.4p1)","logger":"paramiko.transport"}
{"timestamp":"2025-07-31T03:37:29.907832","level":"info","event":"Authentication (password) successful!","logger":"paramiko.transport"}
{"timestamp":"2025-07-31T03:37:30.539668","level":"info","event":"[chan 0] Opened sftp connection (server version 3)","logger":"paramiko.transport.sftp"}
{"timestamp":"2025-07-31T03:37:30.542072","level":"info","event":"Found 3 files in remote directory: /upload","logger":"root"}
{"timestamp":"2025-07-31T03:37:30.542853","level":"info","event":"Inserting filename to DB: data_2025-07-31_0953.csv","logger":"root"}
{"timestamp":"2025-07-31T03:37:30.547335","level":"info","event":"Running statement: INSERT INTO file_metadata (filename, inserted_at) VALUES (%s, CURRENT_TIMESTAMP) ON CONFLICT (filename) DO UPDATE SET inserted_at = EXCLUDED.inserted_at;, parameters: ('data_2025-07-31_0953.csv',)","logger":"airflow.task.hooks.airflow.providers.postgres.hooks.postgres.PostgresHook"}
{"timestamp":"2025-07-31T03:37:30.548495","level":"error","event":"Failed to process data.csv: there is no unique or exclusion constraint matching the ON CONFLICT specification\n","logger":"root"}
{"timestamp":"2025-07-31T03:37:30.549597","level":"info","event":"Inserting filename to DB: text_2025-07-31_1137.csv","logger":"root"}
{"timestamp":"2025-07-31T03:37:30.553717","level":"info","event":"Running statement: INSERT INTO file_metadata (filename, inserted_at) VALUES (%s, CURRENT_TIMESTAMP) ON CONFLICT (filename) DO UPDATE SET inserted_at = EXCLUDED.inserted_at;, parameters: ('text_2025-07-31_1137.csv',)","logger":"airflow.task.hooks.airflow.providers.postgres.hooks.postgres.PostgresHook"}
{"timestamp":"2025-07-31T03:37:30.554809","level":"error","event":"Failed to process text.csv: there is no unique or exclusion constraint matching the ON CONFLICT specification\n","logger":"root"}
{"timestamp":"2025-07-31T03:37:30.555640","level":"info","event":"Inserting filename to DB: orders_2025-07-31_1135.csv","logger":"root"}
{"timestamp":"2025-07-31T03:37:30.559705","level":"info","event":"Running statement: INSERT INTO file_metadata (filename, inserted_at) VALUES (%s, CURRENT_TIMESTAMP) ON CONFLICT (filename) DO UPDATE SET inserted_at = EXCLUDED.inserted_at;, parameters: ('orders_2025-07-31_1135.csv',)","logger":"airflow.task.hooks.airflow.providers.postgres.hooks.postgres.PostgresHook"}
{"timestamp":"2025-07-31T03:37:30.560831","level":"error","event":"Failed to process orders.csv: there is no unique or exclusion constraint matching the ON CONFLICT specification\n","logger":"root"}
{"timestamp":"2025-07-31T03:37:30.560984","level":"info","event":"[chan 0] sftp session closed.","logger":"paramiko.transport.sftp"}
{"timestamp":"2025-07-31T03:37:30.561339","level":"info","event":"Task complete: File list saved to PostgreSQL.","logger":"root"}
{"timestamp":"2025-07-31T03:37:30.561466","level":"info","event":"Done. Returned value was: None","logger":"airflow.task.operators.airflow.providers.standard.operators.python.PythonOperator"}
