{"timestamp":"2025-07-07T08:49:32.220359","level":"info","event":"DAG bundles loaded: dags-folder, example_dags","logger":"airflow.dag_processing.bundles.manager.DagBundlesManager"}
{"timestamp":"2025-07-07T08:49:32.222402","level":"info","event":"Filling up the DagBag from /opt/airflow/dags/polars_example.py","logger":"airflow.models.dagbag.DagBag"}
{"timestamp":"2025-07-07T08:49:32.452716Z","level":"info","event":"Task instance is in running state","chan":"stdout","logger":"task"}
{"timestamp":"2025-07-07T08:49:32.453058Z","level":"info","event":" Previous state of the Task instance: TaskInstanceState.QUEUED","chan":"stdout","logger":"task"}
{"timestamp":"2025-07-07T08:49:32.457503Z","level":"info","event":"Current task name:extract","chan":"stdout","logger":"task"}
{"timestamp":"2025-07-07T08:49:32.457857Z","level":"info","event":"Dag name:polars_etl_pipeline","chan":"stdout","logger":"task"}
{"timestamp":"2025-07-07T08:49:35.152465","level":"error","event":"Task failed with exception","logger":"task","error_detail":[{"exc_type":"ComputeError","exc_value":"could not parse `C489449` as dtype `i64` at column 'Invoice' (column number 1)\n\nThe current offset in the file is 16321 bytes.\n\nYou might want to try:\n- increasing `infer_schema_length` (e.g. `infer_schema_length=10000`),\n- specifying correct dtype with the `schema_overrides` argument\n- setting `ignore_errors` to `True`,\n- adding `C489449` to the `null_values` list.\n\nOriginal error: ```remaining bytes non-empty```","exc_notes":[],"syntax_error":null,"is_cause":false,"frames":[{"filename":"/home/airflow/.local/lib/python3.12/site-packages/airflow/sdk/execution_time/task_runner.py","lineno":867,"name":"run"},{"filename":"/home/airflow/.local/lib/python3.12/site-packages/airflow/sdk/execution_time/task_runner.py","lineno":1159,"name":"_execute_task"},{"filename":"/home/airflow/.local/lib/python3.12/site-packages/airflow/sdk/bases/operator.py","lineno":397,"name":"wrapper"},{"filename":"/home/airflow/.local/lib/python3.12/site-packages/airflow/providers/standard/operators/python.py","lineno":216,"name":"execute"},{"filename":"/home/airflow/.local/lib/python3.12/site-packages/airflow/providers/standard/operators/python.py","lineno":239,"name":"execute_callable"},{"filename":"/home/airflow/.local/lib/python3.12/site-packages/airflow/sdk/execution_time/callback_runner.py","lineno":81,"name":"run"},{"filename":"/opt/airflow/dags/polars_example.py","lineno":8,"name":"extract_orders"},{"filename":"/home/airflow/.local/lib/python3.12/site-packages/polars/_utils/deprecation.py","lineno":128,"name":"wrapper"},{"filename":"/home/airflow/.local/lib/python3.12/site-packages/polars/_utils/deprecation.py","lineno":128,"name":"wrapper"},{"filename":"/home/airflow/.local/lib/python3.12/site-packages/polars/_utils/deprecation.py","lineno":128,"name":"wrapper"},{"filename":"/home/airflow/.local/lib/python3.12/site-packages/polars/io/csv/functions.py","lineno":549,"name":"read_csv"},{"filename":"/home/airflow/.local/lib/python3.12/site-packages/polars/io/csv/functions.py","lineno":697,"name":"_read_csv_impl"}],"is_group":false,"exceptions":[]}]}
{"timestamp":"2025-07-07T08:49:35.155046Z","level":"info","event":"Task instance in failure state","chan":"stdout","logger":"task"}
{"timestamp":"2025-07-07T08:49:35.155337Z","level":"info","event":"Task start","chan":"stdout","logger":"task"}
{"timestamp":"2025-07-07T08:49:35.155599Z","level":"info","event":"Task:<Task(PythonOperator): extract>","chan":"stdout","logger":"task"}
{"timestamp":"2025-07-07T08:49:35.155825Z","level":"info","event":"Failure caused by could not parse `C489449` as dtype `i64` at column 'Invoice' (column number 1)","chan":"stdout","logger":"task"}
{"timestamp":"2025-07-07T08:49:35.156044Z","level":"info","event":"","chan":"stdout","logger":"task"}
{"timestamp":"2025-07-07T08:49:35.156262Z","level":"info","event":"The current offset in the file is 16321 bytes.","chan":"stdout","logger":"task"}
{"timestamp":"2025-07-07T08:49:35.156476Z","level":"info","event":"","chan":"stdout","logger":"task"}
{"timestamp":"2025-07-07T08:49:35.156707Z","level":"info","event":"You might want to try:","chan":"stdout","logger":"task"}
{"timestamp":"2025-07-07T08:49:35.157067Z","level":"info","event":"- increasing `infer_schema_length` (e.g. `infer_schema_length=10000`),","chan":"stdout","logger":"task"}
{"timestamp":"2025-07-07T08:49:35.157372Z","level":"info","event":"- specifying correct dtype with the `schema_overrides` argument","chan":"stdout","logger":"task"}
{"timestamp":"2025-07-07T08:49:35.157738Z","level":"info","event":"- setting `ignore_errors` to `True`,","chan":"stdout","logger":"task"}
{"timestamp":"2025-07-07T08:49:35.157996Z","level":"info","event":"- adding `C489449` to the `null_values` list.","chan":"stdout","logger":"task"}
{"timestamp":"2025-07-07T08:49:35.158249Z","level":"info","event":"","chan":"stdout","logger":"task"}
{"timestamp":"2025-07-07T08:49:35.158478Z","level":"info","event":"Original error: ```remaining bytes non-empty```","chan":"stdout","logger":"task"}
