{"timestamp":"2025-07-31T03:23:03.162915","level":"info","event":"DAG bundles loaded: dags-folder","logger":"airflow.dag_processing.bundles.manager.DagBundlesManager"}
{"timestamp":"2025-07-31T03:23:03.163394","level":"info","event":"Filling up the DagBag from /opt/airflow/dags/SFTP-dag.py","logger":"airflow.models.dagbag.DagBag"}
{"timestamp":"2025-07-31T03:23:03.349096","level":"info","event":"Fetching file list from SFTP","logger":"root"}
{"timestamp":"2025-07-31T03:23:03.363261","level":"info","event":"Connection Retrieved 'sftp_conn'","logger":"airflow.hooks.base"}
{"timestamp":"2025-07-31T03:23:03.370991","level":"info","event":"Connection Retrieved 'dest_postgres'","logger":"airflow.hooks.base"}
{"timestamp":"2025-07-31T03:23:03.375254","level":"info","event":"Running statement: \n    CREATE TABLE IF NOT EXISTS file_metadata (\n        id SERIAL PRIMARY KEY,\n        filename TEXT NOT NULL,\n        inserted_at TIMESTAMP DEFAULT CURRENT_TIMESTAMP\n    );\n    , parameters: None","logger":"airflow.task.hooks.airflow.providers.postgres.hooks.postgres.PostgresHook"}
{"timestamp":"2025-07-31T03:23:03.387160","level":"warning","event":"No Host Key Verification. This won't protect against Man-In-The-Middle attacks","logger":"airflow.task.hooks.airflow.providers.sftp.hooks.sftp.SFTPHook"}
{"timestamp":"2025-07-31T03:23:03.396599","level":"info","event":"Connected (version 2.0, client OpenSSH_8.4p1)","logger":"paramiko.transport"}
{"timestamp":"2025-07-31T03:23:03.496260","level":"info","event":"Authentication (password) successful!","logger":"paramiko.transport"}
{"timestamp":"2025-07-31T03:23:04.045967","level":"info","event":"[chan 0] Opened sftp connection (server version 3)","logger":"paramiko.transport.sftp"}
{"timestamp":"2025-07-31T03:23:04.048476","level":"info","event":"Found 3 files in remote directory: /upload","logger":"root"}
{"timestamp":"2025-07-31T03:23:04.049079","level":"info","event":"Inserting filename to DB: data_2025-07-31_0953.csv","logger":"root"}
{"timestamp":"2025-07-31T03:23:04.052586","level":"info","event":"Running statement: INSERT INTO file_metadata (filename) VALUES (%s), parameters: ('data_2025-07-31_0953.csv',)","logger":"airflow.task.hooks.airflow.providers.postgres.hooks.postgres.PostgresHook"}
{"timestamp":"2025-07-31T03:23:04.054020","level":"info","event":"Rows affected: 1","logger":"airflow.task.hooks.airflow.providers.postgres.hooks.postgres.PostgresHook"}
{"timestamp":"2025-07-31T03:23:04.056394","level":"info","event":"Inserting filename to DB: text_2025-07-30_1533.csv","logger":"root"}
{"timestamp":"2025-07-31T03:23:04.059766","level":"info","event":"Running statement: INSERT INTO file_metadata (filename) VALUES (%s), parameters: ('text_2025-07-30_1533.csv',)","logger":"airflow.task.hooks.airflow.providers.postgres.hooks.postgres.PostgresHook"}
{"timestamp":"2025-07-31T03:23:04.060675","level":"info","event":"Rows affected: 1","logger":"airflow.task.hooks.airflow.providers.postgres.hooks.postgres.PostgresHook"}
{"timestamp":"2025-07-31T03:23:04.062977","level":"info","event":"Inserting filename to DB: orders_2025-07-31_0954.csv","logger":"root"}
{"timestamp":"2025-07-31T03:23:04.066170","level":"info","event":"Running statement: INSERT INTO file_metadata (filename) VALUES (%s), parameters: ('orders_2025-07-31_0954.csv',)","logger":"airflow.task.hooks.airflow.providers.postgres.hooks.postgres.PostgresHook"}
{"timestamp":"2025-07-31T03:23:04.067049","level":"info","event":"Rows affected: 1","logger":"airflow.task.hooks.airflow.providers.postgres.hooks.postgres.PostgresHook"}
{"timestamp":"2025-07-31T03:23:04.068556","level":"info","event":"[chan 0] sftp session closed.","logger":"paramiko.transport.sftp"}
{"timestamp":"2025-07-31T03:23:04.068992","level":"info","event":"Task complete: File list saved to PostgreSQL.","logger":"root"}
{"timestamp":"2025-07-31T03:23:04.069127","level":"info","event":"Done. Returned value was: None","logger":"airflow.task.operators.airflow.providers.standard.operators.python.PythonOperator"}
