{"timestamp":"2025-07-23T03:36:08.237095","level":"info","event":"Filling up the DagBag from /opt/airflow/dags/Airflow-docu.py","logger":"airflow.models.dagbag.DagBag"}
{"timestamp":"2025-07-23T03:36:08.279205","level":"error","event":"Failed to import: /opt/airflow/dags/Airflow-docu.py","logger":"airflow.models.dagbag.DagBag","error_detail":[{"exc_type":"ModuleNotFoundError","exc_value":"No module named 'airflow.providers.postgres.operators'","exc_notes":[],"syntax_error":null,"is_cause":false,"frames":[{"filename":"/home/airflow/.local/lib/python3.12/site-packages/airflow/models/dagbag.py","lineno":394,"name":"parse"},{"filename":"<frozen importlib._bootstrap_external>","lineno":999,"name":"exec_module"},{"filename":"<frozen importlib._bootstrap>","lineno":488,"name":"_call_with_frames_removed"},{"filename":"/opt/airflow/dags/Airflow-docu.py","lineno":2,"name":"<module>"}],"is_group":false,"exceptions":[]}]}
{"timestamp":"2025-07-23T03:36:12.454851","level":"info","event":"Filling up the DagBag from /opt/airflow/dags/Airflow-docu.py","logger":"airflow.models.dagbag.DagBag"}
{"timestamp":"2025-07-23T03:36:12.495157","level":"error","event":"Failed to import: /opt/airflow/dags/Airflow-docu.py","logger":"airflow.models.dagbag.DagBag","error_detail":[{"exc_type":"ModuleNotFoundError","exc_value":"No module named 'airflow.providers.postgres.operators'","exc_notes":[],"syntax_error":null,"is_cause":false,"frames":[{"filename":"/home/airflow/.local/lib/python3.12/site-packages/airflow/models/dagbag.py","lineno":394,"name":"parse"},{"filename":"<frozen importlib._bootstrap_external>","lineno":999,"name":"exec_module"},{"filename":"<frozen importlib._bootstrap>","lineno":488,"name":"_call_with_frames_removed"},{"filename":"/opt/airflow/dags/Airflow-docu.py","lineno":2,"name":"<module>"}],"is_group":false,"exceptions":[]}]}
{"timestamp":"2025-07-23T03:36:22.753582","level":"info","event":"Filling up the DagBag from /opt/airflow/dags/Airflow-docu.py","logger":"airflow.models.dagbag.DagBag"}
{"timestamp":"2025-07-23T03:36:22.789399","level":"error","event":"Failed to import: /opt/airflow/dags/Airflow-docu.py","logger":"airflow.models.dagbag.DagBag","error_detail":[{"exc_type":"ModuleNotFoundError","exc_value":"No module named 'airflow.providers.postgres.operators'","exc_notes":[],"syntax_error":null,"is_cause":false,"frames":[{"filename":"/home/airflow/.local/lib/python3.12/site-packages/airflow/models/dagbag.py","lineno":394,"name":"parse"},{"filename":"<frozen importlib._bootstrap_external>","lineno":999,"name":"exec_module"},{"filename":"<frozen importlib._bootstrap>","lineno":488,"name":"_call_with_frames_removed"},{"filename":"/opt/airflow/dags/Airflow-docu.py","lineno":3,"name":"<module>"}],"is_group":false,"exceptions":[]}]}
{"timestamp":"2025-07-23T03:36:53.374561","level":"info","event":"Filling up the DagBag from /opt/airflow/dags/Airflow-docu.py","logger":"airflow.models.dagbag.DagBag"}
{"timestamp":"2025-07-23T03:36:53.396015","level":"error","event":"Failed to import: /opt/airflow/dags/Airflow-docu.py","logger":"airflow.models.dagbag.DagBag","error_detail":[{"exc_type":"ModuleNotFoundError","exc_value":"No module named 'airflow.providers.postgres.operators'","exc_notes":[],"syntax_error":null,"is_cause":false,"frames":[{"filename":"/home/airflow/.local/lib/python3.12/site-packages/airflow/models/dagbag.py","lineno":394,"name":"parse"},{"filename":"<frozen importlib._bootstrap_external>","lineno":999,"name":"exec_module"},{"filename":"<frozen importlib._bootstrap>","lineno":488,"name":"_call_with_frames_removed"},{"filename":"/opt/airflow/dags/Airflow-docu.py","lineno":3,"name":"<module>"}],"is_group":false,"exceptions":[]}]}
{"timestamp":"2025-07-23T03:37:24.009513","level":"info","event":"Filling up the DagBag from /opt/airflow/dags/Airflow-docu.py","logger":"airflow.models.dagbag.DagBag"}
{"timestamp":"2025-07-23T03:37:24.026252","level":"error","event":"Failed to import: /opt/airflow/dags/Airflow-docu.py","logger":"airflow.models.dagbag.DagBag","error_detail":[{"exc_type":"ModuleNotFoundError","exc_value":"No module named 'airflow.providers.postgres.operators'","exc_notes":[],"syntax_error":null,"is_cause":false,"frames":[{"filename":"/home/airflow/.local/lib/python3.12/site-packages/airflow/models/dagbag.py","lineno":394,"name":"parse"},{"filename":"<frozen importlib._bootstrap_external>","lineno":999,"name":"exec_module"},{"filename":"<frozen importlib._bootstrap>","lineno":488,"name":"_call_with_frames_removed"},{"filename":"/opt/airflow/dags/Airflow-docu.py","lineno":3,"name":"<module>"}],"is_group":false,"exceptions":[]}]}
{"timestamp":"2025-07-23T03:37:54.480730","level":"info","event":"Filling up the DagBag from /opt/airflow/dags/Airflow-docu.py","logger":"airflow.models.dagbag.DagBag"}
{"timestamp":"2025-07-23T03:37:54.501329","level":"error","event":"Failed to import: /opt/airflow/dags/Airflow-docu.py","logger":"airflow.models.dagbag.DagBag","error_detail":[{"exc_type":"ModuleNotFoundError","exc_value":"No module named 'airflow.providers.postgres.operators'","exc_notes":[],"syntax_error":null,"is_cause":false,"frames":[{"filename":"/home/airflow/.local/lib/python3.12/site-packages/airflow/models/dagbag.py","lineno":394,"name":"parse"},{"filename":"<frozen importlib._bootstrap_external>","lineno":999,"name":"exec_module"},{"filename":"<frozen importlib._bootstrap>","lineno":488,"name":"_call_with_frames_removed"},{"filename":"/opt/airflow/dags/Airflow-docu.py","lineno":3,"name":"<module>"}],"is_group":false,"exceptions":[]}]}
{"timestamp":"2025-07-23T03:38:24.859000","level":"info","event":"Filling up the DagBag from /opt/airflow/dags/Airflow-docu.py","logger":"airflow.models.dagbag.DagBag"}
{"timestamp":"2025-07-23T03:38:24.878180","level":"error","event":"Failed to import: /opt/airflow/dags/Airflow-docu.py","logger":"airflow.models.dagbag.DagBag","error_detail":[{"exc_type":"ModuleNotFoundError","exc_value":"No module named 'airflow.providers.postgres.operators'","exc_notes":[],"syntax_error":null,"is_cause":false,"frames":[{"filename":"/home/airflow/.local/lib/python3.12/site-packages/airflow/models/dagbag.py","lineno":394,"name":"parse"},{"filename":"<frozen importlib._bootstrap_external>","lineno":999,"name":"exec_module"},{"filename":"<frozen importlib._bootstrap>","lineno":488,"name":"_call_with_frames_removed"},{"filename":"/opt/airflow/dags/Airflow-docu.py","lineno":3,"name":"<module>"}],"is_group":false,"exceptions":[]}]}
{"timestamp":"2025-07-23T03:38:36.647637","level":"info","event":"Filling up the DagBag from /opt/airflow/dags/Airflow-docu.py","logger":"airflow.models.dagbag.DagBag"}
{"timestamp":"2025-07-23T03:38:36.710167","level":"error","event":"Failed to import: /opt/airflow/dags/Airflow-docu.py","logger":"airflow.models.dagbag.DagBag","error_detail":[{"exc_type":"TypeError","exc_value":"DAG.__init__() got an unexpected keyword argument 'schedule_interval'","exc_notes":[],"syntax_error":null,"is_cause":false,"frames":[{"filename":"/home/airflow/.local/lib/python3.12/site-packages/airflow/models/dagbag.py","lineno":394,"name":"parse"},{"filename":"<frozen importlib._bootstrap_external>","lineno":999,"name":"exec_module"},{"filename":"<frozen importlib._bootstrap>","lineno":488,"name":"_call_with_frames_removed"},{"filename":"/opt/airflow/dags/Airflow-docu.py","lineno":26,"name":"<module>"},{"filename":"/home/airflow/.local/lib/python3.12/site-packages/airflow/sdk/definitions/dag.py","lineno":1401,"name":"factory"}],"is_group":false,"exceptions":[]}]}
{"timestamp":"2025-07-23T03:38:57.200210","level":"info","event":"Filling up the DagBag from /opt/airflow/dags/Airflow-docu.py","logger":"airflow.models.dagbag.DagBag"}
{"timestamp":"2025-07-23T03:38:57.272025","level":"error","event":"Failed to import: /opt/airflow/dags/Airflow-docu.py","logger":"airflow.models.dagbag.DagBag","error_detail":[{"exc_type":"TypeError","exc_value":"a coroutine was expected, got <function practice_dag.<locals>.insert_data at 0x7fd07c765bc0>","exc_notes":[],"syntax_error":null,"is_cause":false,"frames":[{"filename":"/home/airflow/.local/lib/python3.12/site-packages/airflow/models/dagbag.py","lineno":394,"name":"parse"},{"filename":"<frozen importlib._bootstrap_external>","lineno":999,"name":"exec_module"},{"filename":"<frozen importlib._bootstrap>","lineno":488,"name":"_call_with_frames_removed"},{"filename":"/opt/airflow/dags/Airflow-docu.py","lineno":26,"name":"<module>"},{"filename":"/home/airflow/.local/lib/python3.12/site-packages/airflow/sdk/definitions/dag.py","lineno":1417,"name":"factory"},{"filename":"/opt/airflow/dags/Airflow-docu.py","lineno":17,"name":"practice_dag"}],"is_group":false,"exceptions":[]}]}
{"timestamp":"2025-07-23T03:39:28.217775","level":"info","event":"Filling up the DagBag from /opt/airflow/dags/Airflow-docu.py","logger":"airflow.models.dagbag.DagBag"}
{"timestamp":"2025-07-23T03:39:28.253535","level":"error","event":"Failed to import: /opt/airflow/dags/Airflow-docu.py","logger":"airflow.models.dagbag.DagBag","error_detail":[{"exc_type":"TypeError","exc_value":"a coroutine was expected, got <function practice_dag.<locals>.insert_data at 0x7fd07c771e40>","exc_notes":[],"syntax_error":null,"is_cause":false,"frames":[{"filename":"/home/airflow/.local/lib/python3.12/site-packages/airflow/models/dagbag.py","lineno":394,"name":"parse"},{"filename":"<frozen importlib._bootstrap_external>","lineno":999,"name":"exec_module"},{"filename":"<frozen importlib._bootstrap>","lineno":488,"name":"_call_with_frames_removed"},{"filename":"/opt/airflow/dags/Airflow-docu.py","lineno":26,"name":"<module>"},{"filename":"/home/airflow/.local/lib/python3.12/site-packages/airflow/sdk/definitions/dag.py","lineno":1417,"name":"factory"},{"filename":"/opt/airflow/dags/Airflow-docu.py","lineno":17,"name":"practice_dag"}],"is_group":false,"exceptions":[]}]}
{"timestamp":"2025-07-23T03:39:59.266689","level":"info","event":"Filling up the DagBag from /opt/airflow/dags/Airflow-docu.py","logger":"airflow.models.dagbag.DagBag"}
{"timestamp":"2025-07-23T03:39:59.306390","level":"error","event":"Failed to import: /opt/airflow/dags/Airflow-docu.py","logger":"airflow.models.dagbag.DagBag","error_detail":[{"exc_type":"TypeError","exc_value":"a coroutine was expected, got <function practice_dag.<locals>.insert_data at 0x7fd07c7760c0>","exc_notes":[],"syntax_error":null,"is_cause":false,"frames":[{"filename":"/home/airflow/.local/lib/python3.12/site-packages/airflow/models/dagbag.py","lineno":394,"name":"parse"},{"filename":"<frozen importlib._bootstrap_external>","lineno":999,"name":"exec_module"},{"filename":"<frozen importlib._bootstrap>","lineno":488,"name":"_call_with_frames_removed"},{"filename":"/opt/airflow/dags/Airflow-docu.py","lineno":26,"name":"<module>"},{"filename":"/home/airflow/.local/lib/python3.12/site-packages/airflow/sdk/definitions/dag.py","lineno":1417,"name":"factory"},{"filename":"/opt/airflow/dags/Airflow-docu.py","lineno":17,"name":"practice_dag"}],"is_group":false,"exceptions":[]}]}
{"timestamp":"2025-07-23T03:40:08.477905","level":"info","event":"Filling up the DagBag from /opt/airflow/dags/Airflow-docu.py","logger":"airflow.models.dagbag.DagBag"}
{"timestamp":"2025-07-23T03:40:38.993053","level":"info","event":"Filling up the DagBag from /opt/airflow/dags/Airflow-docu.py","logger":"airflow.models.dagbag.DagBag"}
{"timestamp":"2025-07-23T03:41:10.066329","level":"info","event":"Filling up the DagBag from /opt/airflow/dags/Airflow-docu.py","logger":"airflow.models.dagbag.DagBag"}
{"timestamp":"2025-07-23T03:41:40.997157","level":"info","event":"Filling up the DagBag from /opt/airflow/dags/Airflow-docu.py","logger":"airflow.models.dagbag.DagBag"}
{"timestamp":"2025-07-23T03:42:11.716173","level":"info","event":"Filling up the DagBag from /opt/airflow/dags/Airflow-docu.py","logger":"airflow.models.dagbag.DagBag"}
{"timestamp":"2025-07-23T03:42:41.919412","level":"info","event":"Filling up the DagBag from /opt/airflow/dags/Airflow-docu.py","logger":"airflow.models.dagbag.DagBag"}
{"timestamp":"2025-07-23T03:43:12.397540","level":"info","event":"Filling up the DagBag from /opt/airflow/dags/Airflow-docu.py","logger":"airflow.models.dagbag.DagBag"}
{"timestamp":"2025-07-23T03:43:43.088447","level":"info","event":"Filling up the DagBag from /opt/airflow/dags/Airflow-docu.py","logger":"airflow.models.dagbag.DagBag"}
{"timestamp":"2025-07-23T03:44:13.712717","level":"info","event":"Filling up the DagBag from /opt/airflow/dags/Airflow-docu.py","logger":"airflow.models.dagbag.DagBag"}
{"timestamp":"2025-07-23T03:44:44.177778","level":"info","event":"Filling up the DagBag from /opt/airflow/dags/Airflow-docu.py","logger":"airflow.models.dagbag.DagBag"}
{"timestamp":"2025-07-23T03:45:14.565964","level":"info","event":"Filling up the DagBag from /opt/airflow/dags/Airflow-docu.py","logger":"airflow.models.dagbag.DagBag"}
{"timestamp":"2025-07-23T03:45:44.950647","level":"info","event":"Filling up the DagBag from /opt/airflow/dags/Airflow-docu.py","logger":"airflow.models.dagbag.DagBag"}
{"timestamp":"2025-07-23T03:46:15.611632","level":"info","event":"Filling up the DagBag from /opt/airflow/dags/Airflow-docu.py","logger":"airflow.models.dagbag.DagBag"}
{"timestamp":"2025-07-23T03:46:46.256476","level":"info","event":"Filling up the DagBag from /opt/airflow/dags/Airflow-docu.py","logger":"airflow.models.dagbag.DagBag"}
{"timestamp":"2025-07-23T03:47:17.035623","level":"info","event":"Filling up the DagBag from /opt/airflow/dags/Airflow-docu.py","logger":"airflow.models.dagbag.DagBag"}
{"timestamp":"2025-07-23T03:47:47.738392","level":"info","event":"Filling up the DagBag from /opt/airflow/dags/Airflow-docu.py","logger":"airflow.models.dagbag.DagBag"}
{"timestamp":"2025-07-23T03:48:18.305423","level":"info","event":"Filling up the DagBag from /opt/airflow/dags/Airflow-docu.py","logger":"airflow.models.dagbag.DagBag"}
{"timestamp":"2025-07-23T03:48:48.901205","level":"info","event":"Filling up the DagBag from /opt/airflow/dags/Airflow-docu.py","logger":"airflow.models.dagbag.DagBag"}
{"timestamp":"2025-07-23T03:49:19.970856","level":"info","event":"Filling up the DagBag from /opt/airflow/dags/Airflow-docu.py","logger":"airflow.models.dagbag.DagBag"}
{"timestamp":"2025-07-23T03:49:47.827125","level":"info","event":"Filling up the DagBag from /opt/airflow/dags/Airflow-docu.py","logger":"airflow.models.dagbag.DagBag"}
{"timestamp":"2025-07-23T03:49:51.596386","level":"info","event":"Filling up the DagBag from /opt/airflow/dags/Airflow-docu.py","logger":"airflow.models.dagbag.DagBag"}
{"timestamp":"2025-07-23T03:50:19.031642","level":"info","event":"Filling up the DagBag from /opt/airflow/dags/Airflow-docu.py","logger":"airflow.models.dagbag.DagBag"}
{"timestamp":"2025-07-23T03:50:19.107552","level":"info","event":"Filling up the DagBag from /opt/airflow/dags/Airflow-docu.py","logger":"airflow.models.dagbag.DagBag"}
{"timestamp":"2025-07-23T03:50:19.174210","level":"info","event":"Filling up the DagBag from /opt/airflow/dags/Airflow-docu.py","logger":"airflow.models.dagbag.DagBag"}
{"timestamp":"2025-07-23T03:50:19.259294","level":"info","event":"Filling up the DagBag from /opt/airflow/dags/Airflow-docu.py","logger":"airflow.models.dagbag.DagBag"}
{"timestamp":"2025-07-23T03:50:22.278143","level":"info","event":"Filling up the DagBag from /opt/airflow/dags/Airflow-docu.py","logger":"airflow.models.dagbag.DagBag"}
{"timestamp":"2025-07-23T03:50:49.796342","level":"info","event":"Filling up the DagBag from /opt/airflow/dags/Airflow-docu.py","logger":"airflow.models.dagbag.DagBag"}
{"timestamp":"2025-07-23T03:50:49.868594","level":"info","event":"Filling up the DagBag from /opt/airflow/dags/Airflow-docu.py","logger":"airflow.models.dagbag.DagBag"}
{"timestamp":"2025-07-23T03:50:49.949801","level":"info","event":"Filling up the DagBag from /opt/airflow/dags/Airflow-docu.py","logger":"airflow.models.dagbag.DagBag"}
{"timestamp":"2025-07-23T03:50:50.030381","level":"info","event":"Filling up the DagBag from /opt/airflow/dags/Airflow-docu.py","logger":"airflow.models.dagbag.DagBag"}
{"timestamp":"2025-07-23T03:50:53.013005","level":"info","event":"Filling up the DagBag from /opt/airflow/dags/Airflow-docu.py","logger":"airflow.models.dagbag.DagBag"}
{"timestamp":"2025-07-23T03:56:23.342197","level":"info","event":"Filling up the DagBag from /opt/airflow/dags/Airflow-docu.py","logger":"airflow.models.dagbag.DagBag"}
{"timestamp":"2025-07-23T03:56:27.862811","level":"info","event":"Filling up the DagBag from /opt/airflow/dags/Airflow-docu.py","logger":"airflow.models.dagbag.DagBag"}
{"timestamp":"2025-07-23T03:56:58.312040","level":"info","event":"Filling up the DagBag from /opt/airflow/dags/Airflow-docu.py","logger":"airflow.models.dagbag.DagBag"}
{"timestamp":"2025-07-23T03:57:12.277333","level":"info","event":"Filling up the DagBag from /opt/airflow/dags/Airflow-docu.py","logger":"airflow.models.dagbag.DagBag"}
{"timestamp":"2025-07-23T03:57:42.469587","level":"info","event":"Filling up the DagBag from /opt/airflow/dags/Airflow-docu.py","logger":"airflow.models.dagbag.DagBag"}
{"timestamp":"2025-07-23T03:58:13.169780","level":"info","event":"Filling up the DagBag from /opt/airflow/dags/Airflow-docu.py","logger":"airflow.models.dagbag.DagBag"}
{"timestamp":"2025-07-23T03:58:43.746128","level":"info","event":"Filling up the DagBag from /opt/airflow/dags/Airflow-docu.py","logger":"airflow.models.dagbag.DagBag"}
{"timestamp":"2025-07-23T03:59:14.033979","level":"info","event":"Filling up the DagBag from /opt/airflow/dags/Airflow-docu.py","logger":"airflow.models.dagbag.DagBag"}
{"timestamp":"2025-07-23T03:59:44.343070","level":"info","event":"Filling up the DagBag from /opt/airflow/dags/Airflow-docu.py","logger":"airflow.models.dagbag.DagBag"}
{"timestamp":"2025-07-23T04:00:15.118775","level":"info","event":"Filling up the DagBag from /opt/airflow/dags/Airflow-docu.py","logger":"airflow.models.dagbag.DagBag"}
{"timestamp":"2025-07-23T04:00:33.305048","level":"info","event":"Filling up the DagBag from /opt/airflow/dags/Airflow-docu.py","logger":"airflow.models.dagbag.DagBag"}
{"timestamp":"2025-07-23T04:00:37.162713","level":"info","event":"Filling up the DagBag from /opt/airflow/dags/Airflow-docu.py","logger":"airflow.models.dagbag.DagBag"}
{"timestamp":"2025-07-23T04:01:07.662150","level":"info","event":"Filling up the DagBag from /opt/airflow/dags/Airflow-docu.py","logger":"airflow.models.dagbag.DagBag"}
{"timestamp":"2025-07-23T04:01:38.063042","level":"info","event":"Filling up the DagBag from /opt/airflow/dags/Airflow-docu.py","logger":"airflow.models.dagbag.DagBag"}
{"timestamp":"2025-07-23T04:02:08.911721","level":"info","event":"Filling up the DagBag from /opt/airflow/dags/Airflow-docu.py","logger":"airflow.models.dagbag.DagBag"}
{"timestamp":"2025-07-23T04:02:39.040159","level":"info","event":"Filling up the DagBag from /opt/airflow/dags/Airflow-docu.py","logger":"airflow.models.dagbag.DagBag"}
{"timestamp":"2025-07-23T04:03:09.523987","level":"info","event":"Filling up the DagBag from /opt/airflow/dags/Airflow-docu.py","logger":"airflow.models.dagbag.DagBag"}
{"timestamp":"2025-07-23T04:03:40.517508","level":"info","event":"Filling up the DagBag from /opt/airflow/dags/Airflow-docu.py","logger":"airflow.models.dagbag.DagBag"}
{"timestamp":"2025-07-23T04:04:10.983888","level":"info","event":"Filling up the DagBag from /opt/airflow/dags/Airflow-docu.py","logger":"airflow.models.dagbag.DagBag"}
{"timestamp":"2025-07-23T04:04:41.752307","level":"info","event":"Filling up the DagBag from /opt/airflow/dags/Airflow-docu.py","logger":"airflow.models.dagbag.DagBag"}
{"timestamp":"2025-07-23T04:05:11.903254","level":"info","event":"Filling up the DagBag from /opt/airflow/dags/Airflow-docu.py","logger":"airflow.models.dagbag.DagBag"}
{"timestamp":"2025-07-23T04:05:42.489871","level":"info","event":"Filling up the DagBag from /opt/airflow/dags/Airflow-docu.py","logger":"airflow.models.dagbag.DagBag"}
{"timestamp":"2025-07-23T04:06:13.206545","level":"info","event":"Filling up the DagBag from /opt/airflow/dags/Airflow-docu.py","logger":"airflow.models.dagbag.DagBag"}
{"timestamp":"2025-07-23T04:06:43.906904","level":"info","event":"Filling up the DagBag from /opt/airflow/dags/Airflow-docu.py","logger":"airflow.models.dagbag.DagBag"}
{"timestamp":"2025-07-23T04:07:14.447224","level":"info","event":"Filling up the DagBag from /opt/airflow/dags/Airflow-docu.py","logger":"airflow.models.dagbag.DagBag"}
{"timestamp":"2025-07-23T04:07:44.857534","level":"info","event":"Filling up the DagBag from /opt/airflow/dags/Airflow-docu.py","logger":"airflow.models.dagbag.DagBag"}
{"timestamp":"2025-07-23T04:08:15.492123","level":"info","event":"Filling up the DagBag from /opt/airflow/dags/Airflow-docu.py","logger":"airflow.models.dagbag.DagBag"}
{"timestamp":"2025-07-23T04:08:46.144959","level":"info","event":"Filling up the DagBag from /opt/airflow/dags/Airflow-docu.py","logger":"airflow.models.dagbag.DagBag"}
{"timestamp":"2025-07-23T04:09:17.196617","level":"info","event":"Filling up the DagBag from /opt/airflow/dags/Airflow-docu.py","logger":"airflow.models.dagbag.DagBag"}
{"timestamp":"2025-07-23T04:09:47.511653","level":"info","event":"Filling up the DagBag from /opt/airflow/dags/Airflow-docu.py","logger":"airflow.models.dagbag.DagBag"}
{"timestamp":"2025-07-23T04:10:18.470837","level":"info","event":"Filling up the DagBag from /opt/airflow/dags/Airflow-docu.py","logger":"airflow.models.dagbag.DagBag"}
{"timestamp":"2025-07-23T04:10:48.814449","level":"info","event":"Filling up the DagBag from /opt/airflow/dags/Airflow-docu.py","logger":"airflow.models.dagbag.DagBag"}
{"timestamp":"2025-07-23T04:11:19.770305","level":"info","event":"Filling up the DagBag from /opt/airflow/dags/Airflow-docu.py","logger":"airflow.models.dagbag.DagBag"}
{"timestamp":"2025-07-23T04:11:50.354162","level":"info","event":"Filling up the DagBag from /opt/airflow/dags/Airflow-docu.py","logger":"airflow.models.dagbag.DagBag"}
{"timestamp":"2025-07-23T04:12:21.058103","level":"info","event":"Filling up the DagBag from /opt/airflow/dags/Airflow-docu.py","logger":"airflow.models.dagbag.DagBag"}
{"timestamp":"2025-07-23T04:12:52.336195","level":"info","event":"Filling up the DagBag from /opt/airflow/dags/Airflow-docu.py","logger":"airflow.models.dagbag.DagBag"}
{"timestamp":"2025-07-23T04:13:23.126800","level":"info","event":"Filling up the DagBag from /opt/airflow/dags/Airflow-docu.py","logger":"airflow.models.dagbag.DagBag"}
{"timestamp":"2025-07-23T04:13:54.010494","level":"info","event":"Filling up the DagBag from /opt/airflow/dags/Airflow-docu.py","logger":"airflow.models.dagbag.DagBag"}
{"timestamp":"2025-07-23T04:14:24.151128","level":"info","event":"Filling up the DagBag from /opt/airflow/dags/Airflow-docu.py","logger":"airflow.models.dagbag.DagBag"}
{"timestamp":"2025-07-23T04:14:54.419253","level":"info","event":"Filling up the DagBag from /opt/airflow/dags/Airflow-docu.py","logger":"airflow.models.dagbag.DagBag"}
{"timestamp":"2025-07-23T04:15:24.897085","level":"info","event":"Filling up the DagBag from /opt/airflow/dags/Airflow-docu.py","logger":"airflow.models.dagbag.DagBag"}
{"timestamp":"2025-07-23T04:15:55.326141","level":"info","event":"Filling up the DagBag from /opt/airflow/dags/Airflow-docu.py","logger":"airflow.models.dagbag.DagBag"}
{"timestamp":"2025-07-23T04:16:25.863853","level":"info","event":"Filling up the DagBag from /opt/airflow/dags/Airflow-docu.py","logger":"airflow.models.dagbag.DagBag"}
{"timestamp":"2025-07-23T04:16:56.644134","level":"info","event":"Filling up the DagBag from /opt/airflow/dags/Airflow-docu.py","logger":"airflow.models.dagbag.DagBag"}
{"timestamp":"2025-07-23T04:17:27.307064","level":"info","event":"Filling up the DagBag from /opt/airflow/dags/Airflow-docu.py","logger":"airflow.models.dagbag.DagBag"}
{"timestamp":"2025-07-23T04:17:58.221313","level":"info","event":"Filling up the DagBag from /opt/airflow/dags/Airflow-docu.py","logger":"airflow.models.dagbag.DagBag"}
{"timestamp":"2025-07-23T04:18:29.243131","level":"info","event":"Filling up the DagBag from /opt/airflow/dags/Airflow-docu.py","logger":"airflow.models.dagbag.DagBag"}
{"timestamp":"2025-07-23T04:19:00.009512","level":"info","event":"Filling up the DagBag from /opt/airflow/dags/Airflow-docu.py","logger":"airflow.models.dagbag.DagBag"}
{"timestamp":"2025-07-23T04:19:30.829635","level":"info","event":"Filling up the DagBag from /opt/airflow/dags/Airflow-docu.py","logger":"airflow.models.dagbag.DagBag"}
{"timestamp":"2025-07-23T04:20:01.617373","level":"info","event":"Filling up the DagBag from /opt/airflow/dags/Airflow-docu.py","logger":"airflow.models.dagbag.DagBag"}
{"timestamp":"2025-07-23T04:20:32.006034","level":"info","event":"Filling up the DagBag from /opt/airflow/dags/Airflow-docu.py","logger":"airflow.models.dagbag.DagBag"}
{"timestamp":"2025-07-23T04:21:02.866939","level":"info","event":"Filling up the DagBag from /opt/airflow/dags/Airflow-docu.py","logger":"airflow.models.dagbag.DagBag"}
{"timestamp":"2025-07-23T04:21:33.241876","level":"info","event":"Filling up the DagBag from /opt/airflow/dags/Airflow-docu.py","logger":"airflow.models.dagbag.DagBag"}
{"timestamp":"2025-07-23T04:22:03.997196","level":"info","event":"Filling up the DagBag from /opt/airflow/dags/Airflow-docu.py","logger":"airflow.models.dagbag.DagBag"}
{"timestamp":"2025-07-23T04:22:34.202127","level":"info","event":"Filling up the DagBag from /opt/airflow/dags/Airflow-docu.py","logger":"airflow.models.dagbag.DagBag"}
{"timestamp":"2025-07-23T04:23:05.039882","level":"info","event":"Filling up the DagBag from /opt/airflow/dags/Airflow-docu.py","logger":"airflow.models.dagbag.DagBag"}
{"timestamp":"2025-07-23T04:23:35.920404","level":"info","event":"Filling up the DagBag from /opt/airflow/dags/Airflow-docu.py","logger":"airflow.models.dagbag.DagBag"}
{"timestamp":"2025-07-23T04:24:06.949012","level":"info","event":"Filling up the DagBag from /opt/airflow/dags/Airflow-docu.py","logger":"airflow.models.dagbag.DagBag"}
{"timestamp":"2025-07-23T05:32:14.134457","level":"info","event":"Filling up the DagBag from /opt/airflow/dags/Airflow-docu.py","logger":"airflow.models.dagbag.DagBag"}
{"timestamp":"2025-07-23T05:32:45.547915","level":"info","event":"Filling up the DagBag from /opt/airflow/dags/Airflow-docu.py","logger":"airflow.models.dagbag.DagBag"}
{"timestamp":"2025-07-23T05:33:16.280980","level":"info","event":"Filling up the DagBag from /opt/airflow/dags/Airflow-docu.py","logger":"airflow.models.dagbag.DagBag"}
{"timestamp":"2025-07-23T05:33:47.280257","level":"info","event":"Filling up the DagBag from /opt/airflow/dags/Airflow-docu.py","logger":"airflow.models.dagbag.DagBag"}
{"timestamp":"2025-07-23T05:34:18.116180","level":"info","event":"Filling up the DagBag from /opt/airflow/dags/Airflow-docu.py","logger":"airflow.models.dagbag.DagBag"}
{"timestamp":"2025-07-23T05:34:48.659669","level":"info","event":"Filling up the DagBag from /opt/airflow/dags/Airflow-docu.py","logger":"airflow.models.dagbag.DagBag"}
{"timestamp":"2025-07-23T05:35:19.193600","level":"info","event":"Filling up the DagBag from /opt/airflow/dags/Airflow-docu.py","logger":"airflow.models.dagbag.DagBag"}
{"timestamp":"2025-07-23T05:35:49.885896","level":"info","event":"Filling up the DagBag from /opt/airflow/dags/Airflow-docu.py","logger":"airflow.models.dagbag.DagBag"}
{"timestamp":"2025-07-23T05:36:20.808314","level":"info","event":"Filling up the DagBag from /opt/airflow/dags/Airflow-docu.py","logger":"airflow.models.dagbag.DagBag"}
{"timestamp":"2025-07-23T05:36:51.059004","level":"info","event":"Filling up the DagBag from /opt/airflow/dags/Airflow-docu.py","logger":"airflow.models.dagbag.DagBag"}
{"timestamp":"2025-07-23T05:37:21.574707","level":"info","event":"Filling up the DagBag from /opt/airflow/dags/Airflow-docu.py","logger":"airflow.models.dagbag.DagBag"}
{"timestamp":"2025-07-23T05:37:52.034201","level":"info","event":"Filling up the DagBag from /opt/airflow/dags/Airflow-docu.py","logger":"airflow.models.dagbag.DagBag"}
{"timestamp":"2025-07-23T05:38:22.784863","level":"info","event":"Filling up the DagBag from /opt/airflow/dags/Airflow-docu.py","logger":"airflow.models.dagbag.DagBag"}
{"timestamp":"2025-07-23T05:38:53.574175","level":"info","event":"Filling up the DagBag from /opt/airflow/dags/Airflow-docu.py","logger":"airflow.models.dagbag.DagBag"}
{"timestamp":"2025-07-23T05:39:23.726964","level":"info","event":"Filling up the DagBag from /opt/airflow/dags/Airflow-docu.py","logger":"airflow.models.dagbag.DagBag"}
{"timestamp":"2025-07-23T05:39:54.639947","level":"info","event":"Filling up the DagBag from /opt/airflow/dags/Airflow-docu.py","logger":"airflow.models.dagbag.DagBag"}
{"timestamp":"2025-07-23T05:40:25.116183","level":"info","event":"Filling up the DagBag from /opt/airflow/dags/Airflow-docu.py","logger":"airflow.models.dagbag.DagBag"}
{"timestamp":"2025-07-23T05:40:55.600681","level":"info","event":"Filling up the DagBag from /opt/airflow/dags/Airflow-docu.py","logger":"airflow.models.dagbag.DagBag"}
{"timestamp":"2025-07-23T05:41:26.316106","level":"info","event":"Filling up the DagBag from /opt/airflow/dags/Airflow-docu.py","logger":"airflow.models.dagbag.DagBag"}
{"timestamp":"2025-07-23T05:41:57.088947","level":"info","event":"Filling up the DagBag from /opt/airflow/dags/Airflow-docu.py","logger":"airflow.models.dagbag.DagBag"}
{"timestamp":"2025-07-23T05:42:27.782606","level":"info","event":"Filling up the DagBag from /opt/airflow/dags/Airflow-docu.py","logger":"airflow.models.dagbag.DagBag"}
{"timestamp":"2025-07-23T05:42:58.187044","level":"info","event":"Filling up the DagBag from /opt/airflow/dags/Airflow-docu.py","logger":"airflow.models.dagbag.DagBag"}
{"timestamp":"2025-07-23T05:43:28.740357","level":"info","event":"Filling up the DagBag from /opt/airflow/dags/Airflow-docu.py","logger":"airflow.models.dagbag.DagBag"}
{"timestamp":"2025-07-23T05:43:58.987894","level":"info","event":"Filling up the DagBag from /opt/airflow/dags/Airflow-docu.py","logger":"airflow.models.dagbag.DagBag"}
{"timestamp":"2025-07-23T05:44:29.747714","level":"info","event":"Filling up the DagBag from /opt/airflow/dags/Airflow-docu.py","logger":"airflow.models.dagbag.DagBag"}
{"timestamp":"2025-07-23T05:45:00.529770","level":"info","event":"Filling up the DagBag from /opt/airflow/dags/Airflow-docu.py","logger":"airflow.models.dagbag.DagBag"}
{"timestamp":"2025-07-23T05:45:31.157308","level":"info","event":"Filling up the DagBag from /opt/airflow/dags/Airflow-docu.py","logger":"airflow.models.dagbag.DagBag"}
{"timestamp":"2025-07-23T05:46:01.312758","level":"info","event":"Filling up the DagBag from /opt/airflow/dags/Airflow-docu.py","logger":"airflow.models.dagbag.DagBag"}
{"timestamp":"2025-07-23T05:46:31.594781","level":"info","event":"Filling up the DagBag from /opt/airflow/dags/Airflow-docu.py","logger":"airflow.models.dagbag.DagBag"}
{"timestamp":"2025-07-23T05:47:01.969074","level":"info","event":"Filling up the DagBag from /opt/airflow/dags/Airflow-docu.py","logger":"airflow.models.dagbag.DagBag"}
{"timestamp":"2025-07-23T05:47:32.723313","level":"info","event":"Filling up the DagBag from /opt/airflow/dags/Airflow-docu.py","logger":"airflow.models.dagbag.DagBag"}
{"timestamp":"2025-07-23T05:48:03.271499","level":"info","event":"Filling up the DagBag from /opt/airflow/dags/Airflow-docu.py","logger":"airflow.models.dagbag.DagBag"}
{"timestamp":"2025-07-23T05:48:34.145565","level":"info","event":"Filling up the DagBag from /opt/airflow/dags/Airflow-docu.py","logger":"airflow.models.dagbag.DagBag"}
{"timestamp":"2025-07-23T05:49:05.051065","level":"info","event":"Filling up the DagBag from /opt/airflow/dags/Airflow-docu.py","logger":"airflow.models.dagbag.DagBag"}
{"timestamp":"2025-07-23T05:49:35.841988","level":"info","event":"Filling up the DagBag from /opt/airflow/dags/Airflow-docu.py","logger":"airflow.models.dagbag.DagBag"}
{"timestamp":"2025-07-23T05:50:06.145258","level":"info","event":"Filling up the DagBag from /opt/airflow/dags/Airflow-docu.py","logger":"airflow.models.dagbag.DagBag"}
{"timestamp":"2025-07-23T05:50:36.599007","level":"info","event":"Filling up the DagBag from /opt/airflow/dags/Airflow-docu.py","logger":"airflow.models.dagbag.DagBag"}
{"timestamp":"2025-07-23T05:51:06.791566","level":"info","event":"Filling up the DagBag from /opt/airflow/dags/Airflow-docu.py","logger":"airflow.models.dagbag.DagBag"}
{"timestamp":"2025-07-23T05:51:37.470461","level":"info","event":"Filling up the DagBag from /opt/airflow/dags/Airflow-docu.py","logger":"airflow.models.dagbag.DagBag"}
{"timestamp":"2025-07-23T05:52:08.099863","level":"info","event":"Filling up the DagBag from /opt/airflow/dags/Airflow-docu.py","logger":"airflow.models.dagbag.DagBag"}
{"timestamp":"2025-07-23T05:52:38.573919","level":"info","event":"Filling up the DagBag from /opt/airflow/dags/Airflow-docu.py","logger":"airflow.models.dagbag.DagBag"}
{"timestamp":"2025-07-23T05:53:09.382747","level":"info","event":"Filling up the DagBag from /opt/airflow/dags/Airflow-docu.py","logger":"airflow.models.dagbag.DagBag"}
{"timestamp":"2025-07-23T05:53:39.571330","level":"info","event":"Filling up the DagBag from /opt/airflow/dags/Airflow-docu.py","logger":"airflow.models.dagbag.DagBag"}
{"timestamp":"2025-07-23T05:54:09.730603","level":"info","event":"Filling up the DagBag from /opt/airflow/dags/Airflow-docu.py","logger":"airflow.models.dagbag.DagBag"}
{"timestamp":"2025-07-23T05:54:40.493226","level":"info","event":"Filling up the DagBag from /opt/airflow/dags/Airflow-docu.py","logger":"airflow.models.dagbag.DagBag"}
{"timestamp":"2025-07-23T05:55:11.293507","level":"info","event":"Filling up the DagBag from /opt/airflow/dags/Airflow-docu.py","logger":"airflow.models.dagbag.DagBag"}
{"timestamp":"2025-07-23T05:55:42.375049","level":"info","event":"Filling up the DagBag from /opt/airflow/dags/Airflow-docu.py","logger":"airflow.models.dagbag.DagBag"}
{"timestamp":"2025-07-23T05:56:12.897203","level":"info","event":"Filling up the DagBag from /opt/airflow/dags/Airflow-docu.py","logger":"airflow.models.dagbag.DagBag"}
{"timestamp":"2025-07-23T05:56:43.805513","level":"info","event":"Filling up the DagBag from /opt/airflow/dags/Airflow-docu.py","logger":"airflow.models.dagbag.DagBag"}
{"timestamp":"2025-07-23T05:57:14.455893","level":"info","event":"Filling up the DagBag from /opt/airflow/dags/Airflow-docu.py","logger":"airflow.models.dagbag.DagBag"}
{"timestamp":"2025-07-23T05:57:45.533592","level":"info","event":"Filling up the DagBag from /opt/airflow/dags/Airflow-docu.py","logger":"airflow.models.dagbag.DagBag"}
{"timestamp":"2025-07-23T05:58:16.318733","level":"info","event":"Filling up the DagBag from /opt/airflow/dags/Airflow-docu.py","logger":"airflow.models.dagbag.DagBag"}
{"timestamp":"2025-07-23T05:58:46.693367","level":"info","event":"Filling up the DagBag from /opt/airflow/dags/Airflow-docu.py","logger":"airflow.models.dagbag.DagBag"}
{"timestamp":"2025-07-23T05:59:16.807889","level":"info","event":"Filling up the DagBag from /opt/airflow/dags/Airflow-docu.py","logger":"airflow.models.dagbag.DagBag"}
{"timestamp":"2025-07-23T05:59:47.572885","level":"info","event":"Filling up the DagBag from /opt/airflow/dags/Airflow-docu.py","logger":"airflow.models.dagbag.DagBag"}
{"timestamp":"2025-07-23T06:00:18.676232","level":"info","event":"Filling up the DagBag from /opt/airflow/dags/Airflow-docu.py","logger":"airflow.models.dagbag.DagBag"}
{"timestamp":"2025-07-23T06:00:49.701309","level":"info","event":"Filling up the DagBag from /opt/airflow/dags/Airflow-docu.py","logger":"airflow.models.dagbag.DagBag"}
{"timestamp":"2025-07-23T06:01:20.085093","level":"info","event":"Filling up the DagBag from /opt/airflow/dags/Airflow-docu.py","logger":"airflow.models.dagbag.DagBag"}
{"timestamp":"2025-07-23T06:01:50.206412","level":"info","event":"Filling up the DagBag from /opt/airflow/dags/Airflow-docu.py","logger":"airflow.models.dagbag.DagBag"}
{"timestamp":"2025-07-23T06:02:20.412585","level":"info","event":"Filling up the DagBag from /opt/airflow/dags/Airflow-docu.py","logger":"airflow.models.dagbag.DagBag"}
{"timestamp":"2025-07-23T06:02:51.008766","level":"info","event":"Filling up the DagBag from /opt/airflow/dags/Airflow-docu.py","logger":"airflow.models.dagbag.DagBag"}
{"timestamp":"2025-07-23T06:03:21.508946","level":"info","event":"Filling up the DagBag from /opt/airflow/dags/Airflow-docu.py","logger":"airflow.models.dagbag.DagBag"}
{"timestamp":"2025-07-23T06:03:52.399444","level":"info","event":"Filling up the DagBag from /opt/airflow/dags/Airflow-docu.py","logger":"airflow.models.dagbag.DagBag"}
{"timestamp":"2025-07-23T06:04:23.257624","level":"info","event":"Filling up the DagBag from /opt/airflow/dags/Airflow-docu.py","logger":"airflow.models.dagbag.DagBag"}
{"timestamp":"2025-07-23T06:04:54.137723","level":"info","event":"Filling up the DagBag from /opt/airflow/dags/Airflow-docu.py","logger":"airflow.models.dagbag.DagBag"}
{"timestamp":"2025-07-23T06:05:24.288122","level":"info","event":"Filling up the DagBag from /opt/airflow/dags/Airflow-docu.py","logger":"airflow.models.dagbag.DagBag"}
{"timestamp":"2025-07-23T06:05:54.911275","level":"info","event":"Filling up the DagBag from /opt/airflow/dags/Airflow-docu.py","logger":"airflow.models.dagbag.DagBag"}
{"timestamp":"2025-07-23T06:06:25.928534","level":"info","event":"Filling up the DagBag from /opt/airflow/dags/Airflow-docu.py","logger":"airflow.models.dagbag.DagBag"}
{"timestamp":"2025-07-23T06:06:56.181224","level":"info","event":"Filling up the DagBag from /opt/airflow/dags/Airflow-docu.py","logger":"airflow.models.dagbag.DagBag"}
{"timestamp":"2025-07-23T06:07:27.139148","level":"info","event":"Filling up the DagBag from /opt/airflow/dags/Airflow-docu.py","logger":"airflow.models.dagbag.DagBag"}
{"timestamp":"2025-07-23T06:07:57.965351","level":"info","event":"Filling up the DagBag from /opt/airflow/dags/Airflow-docu.py","logger":"airflow.models.dagbag.DagBag"}
{"timestamp":"2025-07-23T06:08:28.364439","level":"info","event":"Filling up the DagBag from /opt/airflow/dags/Airflow-docu.py","logger":"airflow.models.dagbag.DagBag"}
{"timestamp":"2025-07-23T06:08:58.841213","level":"info","event":"Filling up the DagBag from /opt/airflow/dags/Airflow-docu.py","logger":"airflow.models.dagbag.DagBag"}
{"timestamp":"2025-07-23T06:09:29.901699","level":"info","event":"Filling up the DagBag from /opt/airflow/dags/Airflow-docu.py","logger":"airflow.models.dagbag.DagBag"}
{"timestamp":"2025-07-23T06:10:00.399414","level":"info","event":"Filling up the DagBag from /opt/airflow/dags/Airflow-docu.py","logger":"airflow.models.dagbag.DagBag"}
{"timestamp":"2025-07-23T06:10:30.801511","level":"info","event":"Filling up the DagBag from /opt/airflow/dags/Airflow-docu.py","logger":"airflow.models.dagbag.DagBag"}
{"timestamp":"2025-07-23T06:11:01.242343","level":"info","event":"Filling up the DagBag from /opt/airflow/dags/Airflow-docu.py","logger":"airflow.models.dagbag.DagBag"}
{"timestamp":"2025-07-23T06:11:31.903575","level":"info","event":"Filling up the DagBag from /opt/airflow/dags/Airflow-docu.py","logger":"airflow.models.dagbag.DagBag"}
{"timestamp":"2025-07-23T06:12:02.032147","level":"info","event":"Filling up the DagBag from /opt/airflow/dags/Airflow-docu.py","logger":"airflow.models.dagbag.DagBag"}
{"timestamp":"2025-07-23T06:12:32.899699","level":"info","event":"Filling up the DagBag from /opt/airflow/dags/Airflow-docu.py","logger":"airflow.models.dagbag.DagBag"}
{"timestamp":"2025-07-23T06:13:03.067568","level":"info","event":"Filling up the DagBag from /opt/airflow/dags/Airflow-docu.py","logger":"airflow.models.dagbag.DagBag"}
{"timestamp":"2025-07-23T06:13:34.149164","level":"info","event":"Filling up the DagBag from /opt/airflow/dags/Airflow-docu.py","logger":"airflow.models.dagbag.DagBag"}
{"timestamp":"2025-07-23T06:14:04.622563","level":"info","event":"Filling up the DagBag from /opt/airflow/dags/Airflow-docu.py","logger":"airflow.models.dagbag.DagBag"}
{"timestamp":"2025-07-23T06:14:35.187118","level":"info","event":"Filling up the DagBag from /opt/airflow/dags/Airflow-docu.py","logger":"airflow.models.dagbag.DagBag"}
{"timestamp":"2025-07-23T06:15:06.222090","level":"info","event":"Filling up the DagBag from /opt/airflow/dags/Airflow-docu.py","logger":"airflow.models.dagbag.DagBag"}
{"timestamp":"2025-07-23T06:15:36.549685","level":"info","event":"Filling up the DagBag from /opt/airflow/dags/Airflow-docu.py","logger":"airflow.models.dagbag.DagBag"}
{"timestamp":"2025-07-23T06:16:06.761856","level":"info","event":"Filling up the DagBag from /opt/airflow/dags/Airflow-docu.py","logger":"airflow.models.dagbag.DagBag"}
{"timestamp":"2025-07-23T06:16:37.351274","level":"info","event":"Filling up the DagBag from /opt/airflow/dags/Airflow-docu.py","logger":"airflow.models.dagbag.DagBag"}
{"timestamp":"2025-07-23T06:17:08.177671","level":"info","event":"Filling up the DagBag from /opt/airflow/dags/Airflow-docu.py","logger":"airflow.models.dagbag.DagBag"}
{"timestamp":"2025-07-23T06:17:39.039857","level":"info","event":"Filling up the DagBag from /opt/airflow/dags/Airflow-docu.py","logger":"airflow.models.dagbag.DagBag"}
{"timestamp":"2025-07-23T06:18:09.795254","level":"info","event":"Filling up the DagBag from /opt/airflow/dags/Airflow-docu.py","logger":"airflow.models.dagbag.DagBag"}
{"timestamp":"2025-07-23T06:18:40.081346","level":"info","event":"Filling up the DagBag from /opt/airflow/dags/Airflow-docu.py","logger":"airflow.models.dagbag.DagBag"}
{"timestamp":"2025-07-23T06:19:10.522881","level":"info","event":"Filling up the DagBag from /opt/airflow/dags/Airflow-docu.py","logger":"airflow.models.dagbag.DagBag"}
{"timestamp":"2025-07-23T06:19:40.656705","level":"info","event":"Filling up the DagBag from /opt/airflow/dags/Airflow-docu.py","logger":"airflow.models.dagbag.DagBag"}
{"timestamp":"2025-07-23T06:20:11.148466","level":"info","event":"Filling up the DagBag from /opt/airflow/dags/Airflow-docu.py","logger":"airflow.models.dagbag.DagBag"}
{"timestamp":"2025-07-23T06:20:41.461555","level":"info","event":"Filling up the DagBag from /opt/airflow/dags/Airflow-docu.py","logger":"airflow.models.dagbag.DagBag"}
{"timestamp":"2025-07-23T06:21:12.323954","level":"info","event":"Filling up the DagBag from /opt/airflow/dags/Airflow-docu.py","logger":"airflow.models.dagbag.DagBag"}
{"timestamp":"2025-07-23T06:21:43.215354","level":"info","event":"Filling up the DagBag from /opt/airflow/dags/Airflow-docu.py","logger":"airflow.models.dagbag.DagBag"}
{"timestamp":"2025-07-23T06:22:13.867735","level":"info","event":"Filling up the DagBag from /opt/airflow/dags/Airflow-docu.py","logger":"airflow.models.dagbag.DagBag"}
{"timestamp":"2025-07-23T06:22:44.977522","level":"info","event":"Filling up the DagBag from /opt/airflow/dags/Airflow-docu.py","logger":"airflow.models.dagbag.DagBag"}
{"timestamp":"2025-07-23T06:23:15.525279","level":"info","event":"Filling up the DagBag from /opt/airflow/dags/Airflow-docu.py","logger":"airflow.models.dagbag.DagBag"}
{"timestamp":"2025-07-23T06:23:46.306072","level":"info","event":"Filling up the DagBag from /opt/airflow/dags/Airflow-docu.py","logger":"airflow.models.dagbag.DagBag"}
{"timestamp":"2025-07-23T06:24:17.293867","level":"info","event":"Filling up the DagBag from /opt/airflow/dags/Airflow-docu.py","logger":"airflow.models.dagbag.DagBag"}
{"timestamp":"2025-07-23T06:24:47.911199","level":"info","event":"Filling up the DagBag from /opt/airflow/dags/Airflow-docu.py","logger":"airflow.models.dagbag.DagBag"}
{"timestamp":"2025-07-23T06:25:18.758929","level":"info","event":"Filling up the DagBag from /opt/airflow/dags/Airflow-docu.py","logger":"airflow.models.dagbag.DagBag"}
{"timestamp":"2025-07-23T06:25:49.412454","level":"info","event":"Filling up the DagBag from /opt/airflow/dags/Airflow-docu.py","logger":"airflow.models.dagbag.DagBag"}
{"timestamp":"2025-07-23T06:26:20.258715","level":"info","event":"Filling up the DagBag from /opt/airflow/dags/Airflow-docu.py","logger":"airflow.models.dagbag.DagBag"}
{"timestamp":"2025-07-23T06:26:50.847583","level":"info","event":"Filling up the DagBag from /opt/airflow/dags/Airflow-docu.py","logger":"airflow.models.dagbag.DagBag"}
{"timestamp":"2025-07-23T06:27:21.471235","level":"info","event":"Filling up the DagBag from /opt/airflow/dags/Airflow-docu.py","logger":"airflow.models.dagbag.DagBag"}
{"timestamp":"2025-07-23T06:27:52.300318","level":"info","event":"Filling up the DagBag from /opt/airflow/dags/Airflow-docu.py","logger":"airflow.models.dagbag.DagBag"}
{"timestamp":"2025-07-23T06:28:23.349003","level":"info","event":"Filling up the DagBag from /opt/airflow/dags/Airflow-docu.py","logger":"airflow.models.dagbag.DagBag"}
{"timestamp":"2025-07-23T06:28:54.351957","level":"info","event":"Filling up the DagBag from /opt/airflow/dags/Airflow-docu.py","logger":"airflow.models.dagbag.DagBag"}
{"timestamp":"2025-07-23T06:29:25.053203","level":"info","event":"Filling up the DagBag from /opt/airflow/dags/Airflow-docu.py","logger":"airflow.models.dagbag.DagBag"}
{"timestamp":"2025-07-23T06:29:55.811193","level":"info","event":"Filling up the DagBag from /opt/airflow/dags/Airflow-docu.py","logger":"airflow.models.dagbag.DagBag"}
{"timestamp":"2025-07-23T06:30:25.971009","level":"info","event":"Filling up the DagBag from /opt/airflow/dags/Airflow-docu.py","logger":"airflow.models.dagbag.DagBag"}
{"timestamp":"2025-07-23T06:30:57.022166","level":"info","event":"Filling up the DagBag from /opt/airflow/dags/Airflow-docu.py","logger":"airflow.models.dagbag.DagBag"}
{"timestamp":"2025-07-23T06:31:28.013298","level":"info","event":"Filling up the DagBag from /opt/airflow/dags/Airflow-docu.py","logger":"airflow.models.dagbag.DagBag"}
{"timestamp":"2025-07-23T06:31:59.108004","level":"info","event":"Filling up the DagBag from /opt/airflow/dags/Airflow-docu.py","logger":"airflow.models.dagbag.DagBag"}
{"timestamp":"2025-07-23T06:32:29.959698","level":"info","event":"Filling up the DagBag from /opt/airflow/dags/Airflow-docu.py","logger":"airflow.models.dagbag.DagBag"}
{"timestamp":"2025-07-23T06:33:00.122553","level":"info","event":"Filling up the DagBag from /opt/airflow/dags/Airflow-docu.py","logger":"airflow.models.dagbag.DagBag"}
{"timestamp":"2025-07-23T06:33:30.923233","level":"info","event":"Filling up the DagBag from /opt/airflow/dags/Airflow-docu.py","logger":"airflow.models.dagbag.DagBag"}
{"timestamp":"2025-07-23T06:34:01.769505","level":"info","event":"Filling up the DagBag from /opt/airflow/dags/Airflow-docu.py","logger":"airflow.models.dagbag.DagBag"}
{"timestamp":"2025-07-23T06:34:32.398279","level":"info","event":"Filling up the DagBag from /opt/airflow/dags/Airflow-docu.py","logger":"airflow.models.dagbag.DagBag"}
{"timestamp":"2025-07-23T06:35:03.009114","level":"info","event":"Filling up the DagBag from /opt/airflow/dags/Airflow-docu.py","logger":"airflow.models.dagbag.DagBag"}
{"timestamp":"2025-07-23T06:35:34.025572","level":"info","event":"Filling up the DagBag from /opt/airflow/dags/Airflow-docu.py","logger":"airflow.models.dagbag.DagBag"}
{"timestamp":"2025-07-23T06:36:04.967308","level":"info","event":"Filling up the DagBag from /opt/airflow/dags/Airflow-docu.py","logger":"airflow.models.dagbag.DagBag"}
{"timestamp":"2025-07-23T06:36:35.961428","level":"info","event":"Filling up the DagBag from /opt/airflow/dags/Airflow-docu.py","logger":"airflow.models.dagbag.DagBag"}
{"timestamp":"2025-07-23T06:37:06.218632","level":"info","event":"Filling up the DagBag from /opt/airflow/dags/Airflow-docu.py","logger":"airflow.models.dagbag.DagBag"}
{"timestamp":"2025-07-23T06:37:36.420155","level":"info","event":"Filling up the DagBag from /opt/airflow/dags/Airflow-docu.py","logger":"airflow.models.dagbag.DagBag"}
{"timestamp":"2025-07-23T06:38:06.875431","level":"info","event":"Filling up the DagBag from /opt/airflow/dags/Airflow-docu.py","logger":"airflow.models.dagbag.DagBag"}
