{"timestamp":"2025-07-31T03:48:13.421099","level":"info","event":"DAG bundles loaded: dags-folder","logger":"airflow.dag_processing.bundles.manager.DagBundlesManager"}
{"timestamp":"2025-07-31T03:48:13.421628","level":"info","event":"Filling up the DagBag from /opt/airflow/dags/SFTP-dag.py","logger":"airflow.models.dagbag.DagBag"}
{"timestamp":"2025-07-31T03:48:13.583691","level":"info","event":"Fetching file list from SFTP","logger":"root"}
{"timestamp":"2025-07-31T03:48:13.594592","level":"info","event":"Connection Retrieved 'sftp_conn'","logger":"airflow.hooks.base"}
{"timestamp":"2025-07-31T03:48:13.603773","level":"info","event":"Connection Retrieved 'dest_postgres'","logger":"airflow.hooks.base"}
{"timestamp":"2025-07-31T03:48:13.608216","level":"info","event":"Running statement: \n    CREATE TABLE IF NOT EXISTS file_metadata (\n        id SERIAL PRIMARY KEY,\n        filename TEXT UNIQUE NOT NULL,\n        inserted_at TIMESTAMP DEFAULT CURRENT_TIMESTAMP\n    );\n    , parameters: None","logger":"airflow.task.hooks.airflow.providers.postgres.hooks.postgres.PostgresHook"}
{"timestamp":"2025-07-31T03:48:13.625672","level":"info","event":"Running statement: SET TIME ZONE 'Asia/Ulaanbaatar';, parameters: None","logger":"airflow.task.hooks.airflow.providers.postgres.hooks.postgres.PostgresHook"}
{"timestamp":"2025-07-31T03:48:13.626667","level":"warning","event":"No Host Key Verification. This won't protect against Man-In-The-Middle attacks","logger":"airflow.task.hooks.airflow.providers.sftp.hooks.sftp.SFTPHook"}
{"timestamp":"2025-07-31T03:48:13.635929","level":"info","event":"Connected (version 2.0, client OpenSSH_8.4p1)","logger":"paramiko.transport"}
{"timestamp":"2025-07-31T03:48:13.710363","level":"info","event":"Authentication (password) successful!","logger":"paramiko.transport"}
{"timestamp":"2025-07-31T03:48:14.267364","level":"info","event":"[chan 0] Opened sftp connection (server version 3)","logger":"paramiko.transport.sftp"}
{"timestamp":"2025-07-31T03:48:14.269876","level":"info","event":"Found 3 files in remote directory: /upload","logger":"root"}
{"timestamp":"2025-07-31T03:48:14.270652","level":"info","event":"Inserting filename to DB: data_2025-07-31_0953.csv","logger":"root"}
{"timestamp":"2025-07-31T03:48:14.274667","level":"info","event":"Running statement: INSERT INTO file_metadata (filename, inserted_at) VALUES (%s, CURRENT_TIMESTAMP) ON CONFLICT (filename) DO UPDATE SET inserted_at = EXCLUDED.inserted_at;, parameters: ('data_2025-07-31_0953.csv',)","logger":"airflow.task.hooks.airflow.providers.postgres.hooks.postgres.PostgresHook"}
{"timestamp":"2025-07-31T03:48:14.276262","level":"info","event":"Rows affected: 1","logger":"airflow.task.hooks.airflow.providers.postgres.hooks.postgres.PostgresHook"}
{"timestamp":"2025-07-31T03:48:14.278355","level":"info","event":"Inserting filename to DB: text_2025-07-31_1146.csv","logger":"root"}
{"timestamp":"2025-07-31T03:48:14.281641","level":"info","event":"Running statement: INSERT INTO file_metadata (filename, inserted_at) VALUES (%s, CURRENT_TIMESTAMP) ON CONFLICT (filename) DO UPDATE SET inserted_at = EXCLUDED.inserted_at;, parameters: ('text_2025-07-31_1146.csv',)","logger":"airflow.task.hooks.airflow.providers.postgres.hooks.postgres.PostgresHook"}
{"timestamp":"2025-07-31T03:48:14.282625","level":"info","event":"Rows affected: 1","logger":"airflow.task.hooks.airflow.providers.postgres.hooks.postgres.PostgresHook"}
{"timestamp":"2025-07-31T03:48:14.284585","level":"info","event":"Inserting filename to DB: orders_2025-07-31_1135.csv","logger":"root"}
{"timestamp":"2025-07-31T03:48:14.288074","level":"info","event":"Running statement: INSERT INTO file_metadata (filename, inserted_at) VALUES (%s, CURRENT_TIMESTAMP) ON CONFLICT (filename) DO UPDATE SET inserted_at = EXCLUDED.inserted_at;, parameters: ('orders_2025-07-31_1135.csv',)","logger":"airflow.task.hooks.airflow.providers.postgres.hooks.postgres.PostgresHook"}
{"timestamp":"2025-07-31T03:48:14.289139","level":"info","event":"Rows affected: 1","logger":"airflow.task.hooks.airflow.providers.postgres.hooks.postgres.PostgresHook"}
{"timestamp":"2025-07-31T03:48:14.290483","level":"info","event":"[chan 0] sftp session closed.","logger":"paramiko.transport.sftp"}
{"timestamp":"2025-07-31T03:48:14.290860","level":"info","event":"Task complete: File list saved to PostgreSQL.","logger":"root"}
{"timestamp":"2025-07-31T03:48:14.291026","level":"info","event":"Done. Returned value was: None","logger":"airflow.task.operators.airflow.providers.standard.operators.python.PythonOperator"}
